{"/Users/fujitamotohiro/awsClf/App.tsx": {"path":"/Users/fujitamotohiro/awsClf/App.tsx","statementMap":{"0":{"start":{"line":6,"column":2},"end":{"line":10,"column":4}}},"fnMap":{"0":{"name":"App","decl":{"start":{"line":5,"column":24},"end":{"line":5,"column":27}},"loc":{"start":{"line":5,"column":30},"end":{"line":11,"column":1}},"line":5}},"branchMap":{},"s":{"0":0},"f":{"0":0},"b":{}}
,"/Users/fujitamotohiro/awsClf/index.ts": {"path":"/Users/fujitamotohiro/awsClf/index.ts","statementMap":{"0":{"start":{"line":8,"column":0},"end":{"line":8,"column":27}}},"fnMap":{},"branchMap":{},"s":{"0":0},"f":{},"b":{}}
,"/Users/fujitamotohiro/awsClf/src/components/QuestionCard.tsx": {"path":"/Users/fujitamotohiro/awsClf/src/components/QuestionCard.tsx","statementMap":{"0":{"start":{"line":23,"column":2},"end":{"line":70,"column":4}},"1":{"start":{"line":43,"column":10},"end":{"line":59,"column":29}},"2":{"start":{"line":55,"column":27},"end":{"line":55,"column":48}},"3":{"start":{"line":73,"column":15},"end":{"line":144,"column":2}}},"fnMap":{"0":{"name":"QuestionCard","decl":{"start":{"line":15,"column":24},"end":{"line":15,"column":36}},"loc":{"start":{"line":22,"column":22},"end":{"line":71,"column":1}},"line":22},"1":{"name":"(anonymous_1)","decl":{"start":{"line":42,"column":30},"end":{"line":42,"column":31}},"loc":{"start":{"line":43,"column":10},"end":{"line":59,"column":29}},"line":43},"2":{"name":"(anonymous_2)","decl":{"start":{"line":55,"column":21},"end":{"line":55,"column":22}},"loc":{"start":{"line":55,"column":27},"end":{"line":55,"column":48}},"line":55}},"branchMap":{"0":{"loc":{"start":{"line":33,"column":18},"end":{"line":33,"column":64}},"type":"cond-expr","locations":[{"start":{"line":33,"column":33},"end":{"line":33,"column":43}},{"start":{"line":33,"column":46},"end":{"line":33,"column":64}}],"line":33},"1":{"loc":{"start":{"line":35,"column":19},"end":{"line":35,"column":52}},"type":"cond-expr","locations":[{"start":{"line":35,"column":34},"end":{"line":35,"column":43}},{"start":{"line":35,"column":46},"end":{"line":35,"column":52}}],"line":35},"2":{"loc":{"start":{"line":47,"column":14},"end":{"line":50,"column":43}},"type":"binary-expr","locations":[{"start":{"line":47,"column":14},"end":{"line":47,"column":38}},{"start":{"line":48,"column":17},"end":{"line":50,"column":42}}],"line":47},"3":{"loc":{"start":{"line":48,"column":17},"end":{"line":50,"column":42}},"type":"cond-expr","locations":[{"start":{"line":49,"column":20},"end":{"line":49,"column":40}},{"start":{"line":50,"column":20},"end":{"line":50,"column":42}}],"line":48},"4":{"loc":{"start":{"line":51,"column":14},"end":{"line":53,"column":36}},"type":"binary-expr","locations":[{"start":{"line":51,"column":14},"end":{"line":51,"column":37}},{"start":{"line":52,"column":16},"end":{"line":52,"column":48}},{"start":{"line":53,"column":16},"end":{"line":53,"column":36}}],"line":51},"5":{"loc":{"start":{"line":63,"column":7},"end":{"line":68,"column":7}},"type":"binary-expr","locations":[{"start":{"line":63,"column":7},"end":{"line":63,"column":22}},{"start":{"line":64,"column":8},"end":{"line":67,"column":15}}],"line":63}},"s":{"0":12,"1":48,"2":4,"3":2},"f":{"0":12,"1":48,"2":4},"b":{"0":[0,12],"1":[0,12],"2":[48,4],"3":[4,0],"4":[48,16,4],"5":[12,4]},"_coverageSchema":"1a1c01bbd47fc00a2c39e90264f33305004495a9","hash":"eca77816956e0541627712a3ce80cd149c99d6e7"}
,"/Users/fujitamotohiro/awsClf/src/context/AppContext.tsx": {"path":"/Users/fujitamotohiro/awsClf/src/context/AppContext.tsx","statementMap":{"0":{"start":{"line":15,"column":38},"end":{"line":18,"column":1}},"1":{"start":{"line":20,"column":44},"end":{"line":32,"column":1}},"2":{"start":{"line":34,"column":31},"end":{"line":39,"column":1}},"3":{"start":{"line":51,"column":19},"end":{"line":51,"column":71}},"4":{"start":{"line":53,"column":62},"end":{"line":338,"column":1}},"5":{"start":{"line":54,"column":28},"end":{"line":54,"column":60}},"6":{"start":{"line":56,"column":2},"end":{"line":102,"column":9}},"7":{"start":{"line":57,"column":21},"end":{"line":99,"column":5}},"8":{"start":{"line":58,"column":6},"end":{"line":98,"column":7}},"9":{"start":{"line":59,"column":28},"end":{"line":59,"column":85}},"10":{"start":{"line":60,"column":32},"end":{"line":60,"column":74}},"11":{"start":{"line":62,"column":29},"end":{"line":62,"column":83}},"12":{"start":{"line":63,"column":27},"end":{"line":63,"column":90}},"13":{"start":{"line":65,"column":53},"end":{"line":65,"column":55}},"14":{"start":{"line":66,"column":8},"end":{"line":68,"column":11}},"15":{"start":{"line":67,"column":10},"end":{"line":67,"column":69}},"16":{"start":{"line":70,"column":8},"end":{"line":84,"column":26}},"17":{"start":{"line":75,"column":68},"end":{"line":81,"column":15}},"18":{"start":{"line":86,"column":29},"end":{"line":86,"column":78}},"19":{"start":{"line":87,"column":25},"end":{"line":87,"column":83}},"20":{"start":{"line":89,"column":8},"end":{"line":94,"column":11}},"21":{"start":{"line":96,"column":8},"end":{"line":96,"column":70}},"22":{"start":{"line":97,"column":8},"end":{"line":97,"column":58}},"23":{"start":{"line":97,"column":26},"end":{"line":97,"column":55}},"24":{"start":{"line":101,"column":4},"end":{"line":101,"column":15}},"25":{"start":{"line":104,"column":2},"end":{"line":150,"column":67}},"26":{"start":{"line":105,"column":30},"end":{"line":147,"column":5}},"27":{"start":{"line":106,"column":6},"end":{"line":106,"column":34}},"28":{"start":{"line":106,"column":27},"end":{"line":106,"column":34}},"29":{"start":{"line":108,"column":20},"end":{"line":108,"column":58}},"30":{"start":{"line":109,"column":28},"end":{"line":109,"column":60}},"31":{"start":{"line":111,"column":22},"end":{"line":111,"column":52}},"32":{"start":{"line":112,"column":29},"end":{"line":112,"column":42}},"33":{"start":{"line":114,"column":6},"end":{"line":131,"column":7}},"34":{"start":{"line":115,"column":8},"end":{"line":115,"column":22}},"35":{"start":{"line":116,"column":8},"end":{"line":116,"column":33}},"36":{"start":{"line":118,"column":25},"end":{"line":118,"column":48}},"37":{"start":{"line":119,"column":26},"end":{"line":119,"column":41}},"38":{"start":{"line":121,"column":25},"end":{"line":121,"column":75}},"39":{"start":{"line":122,"column":25},"end":{"line":122,"column":68}},"40":{"start":{"line":124,"column":8},"end":{"line":130,"column":9}},"41":{"start":{"line":125,"column":10},"end":{"line":125,"column":25}},"42":{"start":{"line":126,"column":10},"end":{"line":126,"column":35}},"43":{"start":{"line":127,"column":15},"end":{"line":130,"column":9}},"44":{"start":{"line":128,"column":10},"end":{"line":128,"column":24}},"45":{"start":{"line":129,"column":10},"end":{"line":129,"column":35}},"46":{"start":{"line":133,"column":6},"end":{"line":146,"column":7}},"47":{"start":{"line":134,"column":32},"end":{"line":138,"column":9}},"48":{"start":{"line":140,"column":8},"end":{"line":140,"column":96}},"49":{"start":{"line":142,"column":8},"end":{"line":145,"column":12}},"50":{"start":{"line":142,"column":26},"end":{"line":145,"column":9}},"51":{"start":{"line":149,"column":4},"end":{"line":149,"column":24}},"52":{"start":{"line":152,"column":27},"end":{"line":180,"column":3}},"53":{"start":{"line":153,"column":4},"end":{"line":179,"column":5}},"54":{"start":{"line":154,"column":29},"end":{"line":154,"column":57}},"55":{"start":{"line":156,"column":6},"end":{"line":169,"column":7}},"56":{"start":{"line":157,"column":8},"end":{"line":160,"column":10}},"57":{"start":{"line":162,"column":8},"end":{"line":168,"column":10}},"58":{"start":{"line":171,"column":6},"end":{"line":171,"column":96}},"59":{"start":{"line":173,"column":6},"end":{"line":176,"column":10}},"60":{"start":{"line":173,"column":24},"end":{"line":176,"column":7}},"61":{"start":{"line":178,"column":6},"end":{"line":178,"column":58}},"62":{"start":{"line":182,"column":32},"end":{"line":229,"column":3}},"63":{"start":{"line":183,"column":4},"end":{"line":228,"column":5}},"64":{"start":{"line":184,"column":29},"end":{"line":184,"column":57}},"65":{"start":{"line":185,"column":26},"end":{"line":185,"column":50}},"66":{"start":{"line":187,"column":6},"end":{"line":202,"column":7}},"67":{"start":{"line":188,"column":8},"end":{"line":193,"column":10}},"68":{"start":{"line":195,"column":8},"end":{"line":201,"column":10}},"69":{"start":{"line":204,"column":30},"end":{"line":204,"column":55}},"70":{"start":{"line":205,"column":6},"end":{"line":205,"column":50}},"71":{"start":{"line":207,"column":6},"end":{"line":209,"column":7}},"72":{"start":{"line":208,"column":8},"end":{"line":208,"column":49}},"73":{"start":{"line":211,"column":6},"end":{"line":216,"column":7}},"74":{"start":{"line":212,"column":8},"end":{"line":212,"column":61}},"75":{"start":{"line":213,"column":8},"end":{"line":215,"column":9}},"76":{"start":{"line":214,"column":10},"end":{"line":214,"column":62}},"77":{"start":{"line":218,"column":6},"end":{"line":218,"column":96}},"78":{"start":{"line":219,"column":6},"end":{"line":219,"column":94}},"79":{"start":{"line":221,"column":6},"end":{"line":225,"column":10}},"80":{"start":{"line":221,"column":24},"end":{"line":225,"column":7}},"81":{"start":{"line":227,"column":6},"end":{"line":227,"column":63}},"82":{"start":{"line":231,"column":29},"end":{"line":255,"column":3}},"83":{"start":{"line":232,"column":4},"end":{"line":254,"column":5}},"84":{"start":{"line":233,"column":30},"end":{"line":233,"column":55}},"85":{"start":{"line":234,"column":6},"end":{"line":234,"column":85}},"86":{"start":{"line":236,"column":6},"end":{"line":241,"column":9}},"87":{"start":{"line":237,"column":8},"end":{"line":240,"column":9}},"88":{"start":{"line":238,"column":10},"end":{"line":238,"column":74}},"89":{"start":{"line":239,"column":10},"end":{"line":239,"column":75}},"90":{"start":{"line":243,"column":6},"end":{"line":243,"column":70}},"91":{"start":{"line":244,"column":6},"end":{"line":244,"column":58}},"92":{"start":{"line":246,"column":6},"end":{"line":246,"column":94}},"93":{"start":{"line":248,"column":6},"end":{"line":251,"column":10}},"94":{"start":{"line":248,"column":24},"end":{"line":251,"column":7}},"95":{"start":{"line":253,"column":6},"end":{"line":253,"column":61}},"96":{"start":{"line":257,"column":25},"end":{"line":269,"column":3}},"97":{"start":{"line":258,"column":4},"end":{"line":268,"column":5}},"98":{"start":{"line":259,"column":30},"end":{"line":259,"column":67}},"99":{"start":{"line":260,"column":6},"end":{"line":260,"column":89}},"100":{"start":{"line":262,"column":6},"end":{"line":265,"column":10}},"101":{"start":{"line":262,"column":24},"end":{"line":265,"column":7}},"102":{"start":{"line":267,"column":6},"end":{"line":267,"column":55}},"103":{"start":{"line":271,"column":24},"end":{"line":284,"column":3}},"104":{"start":{"line":272,"column":4},"end":{"line":283,"column":5}},"105":{"start":{"line":273,"column":6},"end":{"line":273,"column":67}},"106":{"start":{"line":274,"column":6},"end":{"line":274,"column":64}},"107":{"start":{"line":276,"column":6},"end":{"line":280,"column":10}},"108":{"start":{"line":276,"column":24},"end":{"line":280,"column":7}},"109":{"start":{"line":282,"column":6},"end":{"line":282,"column":56}},"110":{"start":{"line":286,"column":24},"end":{"line":297,"column":3}},"111":{"start":{"line":287,"column":4},"end":{"line":296,"column":5}},"112":{"start":{"line":288,"column":6},"end":{"line":288,"column":59}},"113":{"start":{"line":290,"column":6},"end":{"line":293,"column":10}},"114":{"start":{"line":290,"column":24},"end":{"line":293,"column":7}},"115":{"start":{"line":295,"column":6},"end":{"line":295,"column":56}},"116":{"start":{"line":299,"column":33},"end":{"line":320,"column":3}},"117":{"start":{"line":300,"column":4},"end":{"line":319,"column":5}},"118":{"start":{"line":301,"column":6},"end":{"line":301,"column":34}},"119":{"start":{"line":301,"column":27},"end":{"line":301,"column":34}},"120":{"start":{"line":303,"column":30},"end":{"line":303,"column":55}},"121":{"start":{"line":305,"column":6},"end":{"line":309,"column":9}},"122":{"start":{"line":306,"column":8},"end":{"line":308,"column":9}},"123":{"start":{"line":307,"column":10},"end":{"line":307,"column":63}},"124":{"start":{"line":311,"column":6},"end":{"line":311,"column":94}},"125":{"start":{"line":313,"column":6},"end":{"line":316,"column":10}},"126":{"start":{"line":313,"column":24},"end":{"line":316,"column":7}},"127":{"start":{"line":318,"column":6},"end":{"line":318,"column":64}},"128":{"start":{"line":322,"column":39},"end":{"line":331,"column":3}},"129":{"start":{"line":333,"column":2},"end":{"line":337,"column":4}},"130":{"start":{"line":340,"column":29},"end":{"line":346,"column":1}},"131":{"start":{"line":341,"column":18},"end":{"line":341,"column":40}},"132":{"start":{"line":342,"column":2},"end":{"line":344,"column":3}},"133":{"start":{"line":343,"column":4},"end":{"line":343,"column":72}},"134":{"start":{"line":345,"column":2},"end":{"line":345,"column":17}}},"fnMap":{"0":{"name":"(anonymous_0)","decl":{"start":{"line":53,"column":62},"end":{"line":53,"column":63}},"loc":{"start":{"line":53,"column":80},"end":{"line":338,"column":1}},"line":53},"1":{"name":"(anonymous_1)","decl":{"start":{"line":56,"column":12},"end":{"line":56,"column":13}},"loc":{"start":{"line":56,"column":18},"end":{"line":102,"column":3}},"line":56},"2":{"name":"(anonymous_2)","decl":{"start":{"line":57,"column":21},"end":{"line":57,"column":22}},"loc":{"start":{"line":57,"column":33},"end":{"line":99,"column":5}},"line":57},"3":{"name":"(anonymous_3)","decl":{"start":{"line":66,"column":48},"end":{"line":66,"column":49}},"loc":{"start":{"line":66,"column":53},"end":{"line":68,"column":9}},"line":66},"4":{"name":"(anonymous_4)","decl":{"start":{"line":75,"column":47},"end":{"line":75,"column":48}},"loc":{"start":{"line":75,"column":68},"end":{"line":81,"column":15}},"line":75},"5":{"name":"(anonymous_5)","decl":{"start":{"line":97,"column":17},"end":{"line":97,"column":18}},"loc":{"start":{"line":97,"column":26},"end":{"line":97,"column":55}},"line":97},"6":{"name":"(anonymous_6)","decl":{"start":{"line":104,"column":12},"end":{"line":104,"column":13}},"loc":{"start":{"line":104,"column":18},"end":{"line":150,"column":3}},"line":104},"7":{"name":"(anonymous_7)","decl":{"start":{"line":105,"column":30},"end":{"line":105,"column":31}},"loc":{"start":{"line":105,"column":42},"end":{"line":147,"column":5}},"line":105},"8":{"name":"(anonymous_8)","decl":{"start":{"line":142,"column":17},"end":{"line":142,"column":18}},"loc":{"start":{"line":142,"column":26},"end":{"line":145,"column":9}},"line":142},"9":{"name":"(anonymous_9)","decl":{"start":{"line":152,"column":27},"end":{"line":152,"column":28}},"loc":{"start":{"line":152,"column":78},"end":{"line":180,"column":3}},"line":152},"10":{"name":"(anonymous_10)","decl":{"start":{"line":173,"column":15},"end":{"line":173,"column":16}},"loc":{"start":{"line":173,"column":24},"end":{"line":176,"column":7}},"line":173},"11":{"name":"(anonymous_11)","decl":{"start":{"line":182,"column":32},"end":{"line":182,"column":33}},"loc":{"start":{"line":182,"column":99},"end":{"line":229,"column":3}},"line":182},"12":{"name":"(anonymous_12)","decl":{"start":{"line":221,"column":15},"end":{"line":221,"column":16}},"loc":{"start":{"line":221,"column":24},"end":{"line":225,"column":7}},"line":221},"13":{"name":"(anonymous_13)","decl":{"start":{"line":231,"column":29},"end":{"line":231,"column":30}},"loc":{"start":{"line":231,"column":63},"end":{"line":255,"column":3}},"line":231},"14":{"name":"(anonymous_14)","decl":{"start":{"line":236,"column":50},"end":{"line":236,"column":51}},"loc":{"start":{"line":236,"column":72},"end":{"line":241,"column":7}},"line":236},"15":{"name":"(anonymous_15)","decl":{"start":{"line":248,"column":15},"end":{"line":248,"column":16}},"loc":{"start":{"line":248,"column":24},"end":{"line":251,"column":7}},"line":248},"16":{"name":"(anonymous_16)","decl":{"start":{"line":257,"column":25},"end":{"line":257,"column":26}},"loc":{"start":{"line":257,"column":70},"end":{"line":269,"column":3}},"line":257},"17":{"name":"(anonymous_17)","decl":{"start":{"line":262,"column":15},"end":{"line":262,"column":16}},"loc":{"start":{"line":262,"column":24},"end":{"line":265,"column":7}},"line":262},"18":{"name":"(anonymous_18)","decl":{"start":{"line":271,"column":24},"end":{"line":271,"column":25}},"loc":{"start":{"line":271,"column":36},"end":{"line":284,"column":3}},"line":271},"19":{"name":"(anonymous_19)","decl":{"start":{"line":276,"column":15},"end":{"line":276,"column":16}},"loc":{"start":{"line":276,"column":24},"end":{"line":280,"column":7}},"line":276},"20":{"name":"(anonymous_20)","decl":{"start":{"line":286,"column":24},"end":{"line":286,"column":25}},"loc":{"start":{"line":286,"column":36},"end":{"line":297,"column":3}},"line":286},"21":{"name":"(anonymous_21)","decl":{"start":{"line":290,"column":15},"end":{"line":290,"column":16}},"loc":{"start":{"line":290,"column":24},"end":{"line":293,"column":7}},"line":290},"22":{"name":"(anonymous_22)","decl":{"start":{"line":299,"column":33},"end":{"line":299,"column":34}},"loc":{"start":{"line":299,"column":81},"end":{"line":320,"column":3}},"line":299},"23":{"name":"(anonymous_23)","decl":{"start":{"line":305,"column":43},"end":{"line":305,"column":44}},"loc":{"start":{"line":305,"column":64},"end":{"line":309,"column":7}},"line":305},"24":{"name":"(anonymous_24)","decl":{"start":{"line":313,"column":15},"end":{"line":313,"column":16}},"loc":{"start":{"line":313,"column":24},"end":{"line":316,"column":7}},"line":313},"25":{"name":"(anonymous_25)","decl":{"start":{"line":340,"column":29},"end":{"line":340,"column":30}},"loc":{"start":{"line":340,"column":35},"end":{"line":346,"column":1}},"line":340}},"branchMap":{"0":{"loc":{"start":{"line":60,"column":32},"end":{"line":60,"column":74}},"type":"cond-expr","locations":[{"start":{"line":60,"column":46},"end":{"line":60,"column":69}},{"start":{"line":60,"column":72},"end":{"line":60,"column":74}}],"line":60},"1":{"loc":{"start":{"line":63,"column":27},"end":{"line":63,"column":90}},"type":"cond-expr","locations":[{"start":{"line":63,"column":42},"end":{"line":63,"column":66}},{"start":{"line":63,"column":69},"end":{"line":63,"column":90}}],"line":63},"2":{"loc":{"start":{"line":67,"column":36},"end":{"line":67,"column":63}},"type":"binary-expr","locations":[{"start":{"line":67,"column":36},"end":{"line":67,"column":58}},{"start":{"line":67,"column":62},"end":{"line":67,"column":63}}],"line":67},"3":{"loc":{"start":{"line":78,"column":22},"end":{"line":78,"column":98}},"type":"binary-expr","locations":[{"start":{"line":78,"column":22},"end":{"line":78,"column":57}},{"start":{"line":78,"column":61},"end":{"line":78,"column":98}}],"line":78},"4":{"loc":{"start":{"line":87,"column":25},"end":{"line":87,"column":83}},"type":"cond-expr","locations":[{"start":{"line":87,"column":40},"end":{"line":87,"column":64}},{"start":{"line":87,"column":67},"end":{"line":87,"column":83}}],"line":87},"5":{"loc":{"start":{"line":106,"column":6},"end":{"line":106,"column":34}},"type":"if","locations":[{"start":{"line":106,"column":6},"end":{"line":106,"column":34}},{"start":{},"end":{}}],"line":106},"6":{"loc":{"start":{"line":114,"column":6},"end":{"line":131,"column":7}},"type":"if","locations":[{"start":{"line":114,"column":6},"end":{"line":131,"column":7}},{"start":{"line":117,"column":13},"end":{"line":131,"column":7}}],"line":114},"7":{"loc":{"start":{"line":124,"column":8},"end":{"line":130,"column":9}},"type":"if","locations":[{"start":{"line":124,"column":8},"end":{"line":130,"column":9}},{"start":{"line":127,"column":15},"end":{"line":130,"column":9}}],"line":124},"8":{"loc":{"start":{"line":127,"column":15},"end":{"line":130,"column":9}},"type":"if","locations":[{"start":{"line":127,"column":15},"end":{"line":130,"column":9}},{"start":{},"end":{}}],"line":127},"9":{"loc":{"start":{"line":133,"column":6},"end":{"line":146,"column":7}},"type":"if","locations":[{"start":{"line":133,"column":6},"end":{"line":146,"column":7}},{"start":{},"end":{}}],"line":133},"10":{"loc":{"start":{"line":133,"column":10},"end":{"line":133,"column":92}},"type":"binary-expr","locations":[{"start":{"line":133,"column":10},"end":{"line":133,"column":54}},{"start":{"line":133,"column":58},"end":{"line":133,"column":92}}],"line":133},"11":{"loc":{"start":{"line":156,"column":6},"end":{"line":169,"column":7}},"type":"if","locations":[{"start":{"line":156,"column":6},"end":{"line":169,"column":7}},{"start":{"line":161,"column":13},"end":{"line":169,"column":7}}],"line":156},"12":{"loc":{"start":{"line":187,"column":6},"end":{"line":202,"column":7}},"type":"if","locations":[{"start":{"line":187,"column":6},"end":{"line":202,"column":7}},{"start":{"line":194,"column":13},"end":{"line":202,"column":7}}],"line":187},"13":{"loc":{"start":{"line":191,"column":73},"end":{"line":191,"column":90}},"type":"cond-expr","locations":[{"start":{"line":191,"column":85},"end":{"line":191,"column":86}},{"start":{"line":191,"column":89},"end":{"line":191,"column":90}}],"line":191},"14":{"loc":{"start":{"line":198,"column":27},"end":{"line":198,"column":44}},"type":"cond-expr","locations":[{"start":{"line":198,"column":39},"end":{"line":198,"column":40}},{"start":{"line":198,"column":43},"end":{"line":198,"column":44}}],"line":198},"15":{"loc":{"start":{"line":207,"column":6},"end":{"line":209,"column":7}},"type":"if","locations":[{"start":{"line":207,"column":6},"end":{"line":209,"column":7}},{"start":{},"end":{}}],"line":207},"16":{"loc":{"start":{"line":211,"column":6},"end":{"line":216,"column":7}},"type":"if","locations":[{"start":{"line":211,"column":6},"end":{"line":216,"column":7}},{"start":{},"end":{}}],"line":211},"17":{"loc":{"start":{"line":211,"column":10},"end":{"line":211,"column":58}},"type":"binary-expr","locations":[{"start":{"line":211,"column":10},"end":{"line":211,"column":16}},{"start":{"line":211,"column":20},"end":{"line":211,"column":58}}],"line":211},"18":{"loc":{"start":{"line":213,"column":8},"end":{"line":215,"column":9}},"type":"if","locations":[{"start":{"line":213,"column":8},"end":{"line":215,"column":9}},{"start":{},"end":{}}],"line":213},"19":{"loc":{"start":{"line":237,"column":8},"end":{"line":240,"column":9}},"type":"if","locations":[{"start":{"line":237,"column":8},"end":{"line":240,"column":9}},{"start":{},"end":{}}],"line":237},"20":{"loc":{"start":{"line":301,"column":6},"end":{"line":301,"column":34}},"type":"if","locations":[{"start":{"line":301,"column":6},"end":{"line":301,"column":34}},{"start":{},"end":{}}],"line":301},"21":{"loc":{"start":{"line":306,"column":8},"end":{"line":308,"column":9}},"type":"if","locations":[{"start":{"line":306,"column":8},"end":{"line":308,"column":9}},{"start":{},"end":{}}],"line":306},"22":{"loc":{"start":{"line":342,"column":2},"end":{"line":344,"column":3}},"type":"if","locations":[{"start":{"line":342,"column":2},"end":{"line":344,"column":3}},{"start":{},"end":{}}],"line":342}},"s":{"0":0,"1":0,"2":0,"3":0,"4":0,"5":0,"6":0,"7":0,"8":0,"9":0,"10":0,"11":0,"12":0,"13":0,"14":0,"15":0,"16":0,"17":0,"18":0,"19":0,"20":0,"21":0,"22":0,"23":0,"24":0,"25":0,"26":0,"27":0,"28":0,"29":0,"30":0,"31":0,"32":0,"33":0,"34":0,"35":0,"36":0,"37":0,"38":0,"39":0,"40":0,"41":0,"42":0,"43":0,"44":0,"45":0,"46":0,"47":0,"48":0,"49":0,"50":0,"51":0,"52":0,"53":0,"54":0,"55":0,"56":0,"57":0,"58":0,"59":0,"60":0,"61":0,"62":0,"63":0,"64":0,"65":0,"66":0,"67":0,"68":0,"69":0,"70":0,"71":0,"72":0,"73":0,"74":0,"75":0,"76":0,"77":0,"78":0,"79":0,"80":0,"81":0,"82":0,"83":0,"84":0,"85":0,"86":0,"87":0,"88":0,"89":0,"90":0,"91":0,"92":0,"93":0,"94":0,"95":0,"96":0,"97":0,"98":0,"99":0,"100":0,"101":0,"102":0,"103":0,"104":0,"105":0,"106":0,"107":0,"108":0,"109":0,"110":0,"111":0,"112":0,"113":0,"114":0,"115":0,"116":0,"117":0,"118":0,"119":0,"120":0,"121":0,"122":0,"123":0,"124":0,"125":0,"126":0,"127":0,"128":0,"129":0,"130":0,"131":0,"132":0,"133":0,"134":0},"f":{"0":0,"1":0,"2":0,"3":0,"4":0,"5":0,"6":0,"7":0,"8":0,"9":0,"10":0,"11":0,"12":0,"13":0,"14":0,"15":0,"16":0,"17":0,"18":0,"19":0,"20":0,"21":0,"22":0,"23":0,"24":0,"25":0},"b":{"0":[0,0],"1":[0,0],"2":[0,0],"3":[0,0],"4":[0,0],"5":[0,0],"6":[0,0],"7":[0,0],"8":[0,0],"9":[0,0],"10":[0,0],"11":[0,0],"12":[0,0],"13":[0,0],"14":[0,0],"15":[0,0],"16":[0,0],"17":[0,0],"18":[0,0],"19":[0,0],"20":[0,0],"21":[0,0],"22":[0,0]}}
,"/Users/fujitamotohiro/awsClf/src/navigation/index.tsx": {"path":"/Users/fujitamotohiro/awsClf/src/navigation/index.tsx","statementMap":{"0":{"start":{"line":19,"column":14},"end":{"line":19,"column":56}},"1":{"start":{"line":20,"column":12},"end":{"line":20,"column":56}},"2":{"start":{"line":22,"column":18},"end":{"line":52,"column":1}},"3":{"start":{"line":23,"column":2},"end":{"line":51,"column":4}},"4":{"start":{"line":54,"column":24},"end":{"line":64,"column":1}},"5":{"start":{"line":55,"column":2},"end":{"line":63,"column":4}},"6":{"start":{"line":66,"column":23},"end":{"line":86,"column":1}},"7":{"start":{"line":67,"column":2},"end":{"line":85,"column":4}},"8":{"start":{"line":88,"column":22},"end":{"line":103,"column":1}},"9":{"start":{"line":89,"column":2},"end":{"line":102,"column":4}},"10":{"start":{"line":106,"column":2},"end":{"line":163,"column":4}},"11":{"start":{"line":109,"column":39},"end":{"line":127,"column":9}},"12":{"start":{"line":111,"column":59},"end":{"line":111,"column":65}},"13":{"start":{"line":113,"column":12},"end":{"line":121,"column":13}},"14":{"start":{"line":114,"column":14},"end":{"line":114,"column":59}},"15":{"start":{"line":115,"column":19},"end":{"line":121,"column":13}},"16":{"start":{"line":116,"column":14},"end":{"line":116,"column":73}},"17":{"start":{"line":117,"column":19},"end":{"line":121,"column":13}},"18":{"start":{"line":118,"column":14},"end":{"line":118,"column":67}},"19":{"start":{"line":119,"column":19},"end":{"line":121,"column":13}},"20":{"start":{"line":120,"column":14},"end":{"line":120,"column":67}},"21":{"start":{"line":123,"column":12},"end":{"line":123,"column":74}}},"fnMap":{"0":{"name":"(anonymous_0)","decl":{"start":{"line":22,"column":18},"end":{"line":22,"column":19}},"loc":{"start":{"line":22,"column":24},"end":{"line":52,"column":1}},"line":22},"1":{"name":"(anonymous_1)","decl":{"start":{"line":54,"column":24},"end":{"line":54,"column":25}},"loc":{"start":{"line":54,"column":30},"end":{"line":64,"column":1}},"line":54},"2":{"name":"(anonymous_2)","decl":{"start":{"line":66,"column":23},"end":{"line":66,"column":24}},"loc":{"start":{"line":66,"column":29},"end":{"line":86,"column":1}},"line":66},"3":{"name":"(anonymous_3)","decl":{"start":{"line":88,"column":22},"end":{"line":88,"column":23}},"loc":{"start":{"line":88,"column":28},"end":{"line":103,"column":1}},"line":88},"4":{"name":"Navigation","decl":{"start":{"line":105,"column":24},"end":{"line":105,"column":34}},"loc":{"start":{"line":105,"column":37},"end":{"line":164,"column":1}},"line":105},"5":{"name":"(anonymous_5)","decl":{"start":{"line":109,"column":23},"end":{"line":109,"column":24}},"loc":{"start":{"line":109,"column":39},"end":{"line":127,"column":9}},"line":109},"6":{"name":"(anonymous_6)","decl":{"start":{"line":110,"column":22},"end":{"line":110,"column":23}},"loc":{"start":{"line":110,"column":52},"end":{"line":124,"column":11}},"line":110}},"branchMap":{"0":{"loc":{"start":{"line":113,"column":12},"end":{"line":121,"column":13}},"type":"if","locations":[{"start":{"line":113,"column":12},"end":{"line":121,"column":13}},{"start":{"line":115,"column":19},"end":{"line":121,"column":13}}],"line":113},"1":{"loc":{"start":{"line":114,"column":25},"end":{"line":114,"column":58}},"type":"cond-expr","locations":[{"start":{"line":114,"column":35},"end":{"line":114,"column":41}},{"start":{"line":114,"column":44},"end":{"line":114,"column":58}}],"line":114},"2":{"loc":{"start":{"line":115,"column":19},"end":{"line":121,"column":13}},"type":"if","locations":[{"start":{"line":115,"column":19},"end":{"line":121,"column":13}},{"start":{"line":117,"column":19},"end":{"line":121,"column":13}}],"line":115},"3":{"loc":{"start":{"line":116,"column":25},"end":{"line":116,"column":72}},"type":"cond-expr","locations":[{"start":{"line":116,"column":35},"end":{"line":116,"column":48}},{"start":{"line":116,"column":51},"end":{"line":116,"column":72}}],"line":116},"4":{"loc":{"start":{"line":117,"column":19},"end":{"line":121,"column":13}},"type":"if","locations":[{"start":{"line":117,"column":19},"end":{"line":121,"column":13}},{"start":{"line":119,"column":19},"end":{"line":121,"column":13}}],"line":117},"5":{"loc":{"start":{"line":118,"column":25},"end":{"line":118,"column":66}},"type":"cond-expr","locations":[{"start":{"line":118,"column":35},"end":{"line":118,"column":45}},{"start":{"line":118,"column":48},"end":{"line":118,"column":66}}],"line":118},"6":{"loc":{"start":{"line":119,"column":19},"end":{"line":121,"column":13}},"type":"if","locations":[{"start":{"line":119,"column":19},"end":{"line":121,"column":13}},{"start":{},"end":{}}],"line":119},"7":{"loc":{"start":{"line":120,"column":25},"end":{"line":120,"column":66}},"type":"cond-expr","locations":[{"start":{"line":120,"column":35},"end":{"line":120,"column":45}},{"start":{"line":120,"column":48},"end":{"line":120,"column":66}}],"line":120}},"s":{"0":1,"1":1,"2":1,"3":5,"4":1,"5":0,"6":1,"7":0,"8":1,"9":0,"10":5,"11":16,"12":0,"13":0,"14":0,"15":0,"16":0,"17":0,"18":0,"19":0,"20":0,"21":0},"f":{"0":5,"1":0,"2":0,"3":0,"4":5,"5":16,"6":0},"b":{"0":[0,0],"1":[0,0],"2":[0,0],"3":[0,0],"4":[0,0],"5":[0,0],"6":[0,0],"7":[0,0]},"_coverageSchema":"1a1c01bbd47fc00a2c39e90264f33305004495a9","hash":"935023767cfc8094a176420f5b463212068feb8e"}
,"/Users/fujitamotohiro/awsClf/src/screens/BookmarksScreen.tsx": {"path":"/Users/fujitamotohiro/awsClf/src/screens/BookmarksScreen.tsx","statementMap":{"0":{"start":{"line":13,"column":21},"end":{"line":13,"column":67}},"1":{"start":{"line":14,"column":41},"end":{"line":14,"column":56}},"2":{"start":{"line":15,"column":56},"end":{"line":15,"column":80}},"3":{"start":{"line":17,"column":2},"end":{"line":26,"column":35}},"4":{"start":{"line":18,"column":4},"end":{"line":25,"column":5}},"5":{"start":{"line":19,"column":24},"end":{"line":22,"column":8}},"6":{"start":{"line":20,"column":24},"end":{"line":20,"column":52}},"7":{"start":{"line":21,"column":8},"end":{"line":21,"column":45}},"8":{"start":{"line":24,"column":6},"end":{"line":24,"column":40}},"9":{"start":{"line":28,"column":30},"end":{"line":32,"column":3}},"10":{"start":{"line":29,"column":4},"end":{"line":31,"column":5}},"11":{"start":{"line":30,"column":6},"end":{"line":30,"column":58}},"12":{"start":{"line":34,"column":2},"end":{"line":40,"column":3}},"13":{"start":{"line":35,"column":4},"end":{"line":39,"column":6}},"14":{"start":{"line":42,"column":2},"end":{"line":95,"column":4}},"15":{"start":{"line":60,"column":36},"end":{"line":60,"column":54}},"16":{"start":{"line":62,"column":14},"end":{"line":79,"column":33}},"17":{"start":{"line":64,"column":31},"end":{"line":67,"column":18}},"18":{"start":{"line":98,"column":15},"end":{"line":187,"column":2}}},"fnMap":{"0":{"name":"BookmarksScreen","decl":{"start":{"line":12,"column":24},"end":{"line":12,"column":39}},"loc":{"start":{"line":12,"column":42},"end":{"line":96,"column":1}},"line":12},"1":{"name":"(anonymous_1)","decl":{"start":{"line":17,"column":12},"end":{"line":17,"column":13}},"loc":{"start":{"line":17,"column":18},"end":{"line":26,"column":3}},"line":17},"2":{"name":"(anonymous_2)","decl":{"start":{"line":19,"column":63},"end":{"line":19,"column":64}},"loc":{"start":{"line":19,"column":75},"end":{"line":22,"column":7}},"line":19},"3":{"name":"(anonymous_3)","decl":{"start":{"line":28,"column":30},"end":{"line":28,"column":31}},"loc":{"start":{"line":28,"column":36},"end":{"line":32,"column":3}},"line":28},"4":{"name":"(anonymous_4)","decl":{"start":{"line":60,"column":26},"end":{"line":60,"column":27}},"loc":{"start":{"line":60,"column":36},"end":{"line":60,"column":54}},"line":60},"5":{"name":"(anonymous_5)","decl":{"start":{"line":61,"column":24},"end":{"line":61,"column":25}},"loc":{"start":{"line":62,"column":14},"end":{"line":79,"column":33}},"line":62},"6":{"name":"(anonymous_6)","decl":{"start":{"line":64,"column":25},"end":{"line":64,"column":26}},"loc":{"start":{"line":64,"column":31},"end":{"line":67,"column":18}},"line":64}},"branchMap":{"0":{"loc":{"start":{"line":18,"column":4},"end":{"line":25,"column":5}},"type":"if","locations":[{"start":{"line":18,"column":4},"end":{"line":25,"column":5}},{"start":{},"end":{}}],"line":18},"1":{"loc":{"start":{"line":21,"column":15},"end":{"line":21,"column":44}},"type":"binary-expr","locations":[{"start":{"line":21,"column":15},"end":{"line":21,"column":22}},{"start":{"line":21,"column":26},"end":{"line":21,"column":44}}],"line":21},"2":{"loc":{"start":{"line":29,"column":4},"end":{"line":31,"column":5}},"type":"if","locations":[{"start":{"line":29,"column":4},"end":{"line":31,"column":5}},{"start":{},"end":{}}],"line":29},"3":{"loc":{"start":{"line":34,"column":2},"end":{"line":40,"column":3}},"type":"if","locations":[{"start":{"line":34,"column":2},"end":{"line":40,"column":3}},{"start":{},"end":{}}],"line":34},"4":{"loc":{"start":{"line":49,"column":7},"end":{"line":93,"column":7}},"type":"cond-expr","locations":[{"start":{"line":50,"column":8},"end":{"line":83,"column":11}},{"start":{"line":85,"column":8},"end":{"line":92,"column":15}}],"line":49},"5":{"loc":{"start":{"line":75,"column":20},"end":{"line":76,"column":63}},"type":"cond-expr","locations":[{"start":{"line":75,"column":49},"end":{"line":75,"column":53}},{"start":{"line":76,"column":20},"end":{"line":76,"column":63}}],"line":75},"6":{"loc":{"start":{"line":76,"column":20},"end":{"line":76,"column":63}},"type":"cond-expr","locations":[{"start":{"line":76,"column":51},"end":{"line":76,"column":55}},{"start":{"line":76,"column":58},"end":{"line":76,"column":63}}],"line":76}},"s":{"0":0,"1":0,"2":0,"3":0,"4":0,"5":0,"6":0,"7":0,"8":0,"9":0,"10":0,"11":0,"12":0,"13":0,"14":0,"15":0,"16":0,"17":0,"18":1},"f":{"0":0,"1":0,"2":0,"3":0,"4":0,"5":0,"6":0},"b":{"0":[0,0],"1":[0,0],"2":[0,0],"3":[0,0],"4":[0,0],"5":[0,0],"6":[0,0]},"_coverageSchema":"1a1c01bbd47fc00a2c39e90264f33305004495a9","hash":"b7242e09907f6d12369505465487692eac92bddf"}
,"/Users/fujitamotohiro/awsClf/src/screens/ContactScreen.tsx": {"path":"/Users/fujitamotohiro/awsClf/src/screens/ContactScreen.tsx","statementMap":{"0":{"start":{"line":5,"column":32},"end":{"line":5,"column":44}},"1":{"start":{"line":7,"column":23},"end":{"line":17,"column":3}},"2":{"start":{"line":8,"column":4},"end":{"line":11,"column":5}},"3":{"start":{"line":9,"column":6},"end":{"line":9,"column":47}},"4":{"start":{"line":10,"column":6},"end":{"line":10,"column":13}},"5":{"start":{"line":13,"column":16},"end":{"line":13,"column":125}},"6":{"start":{"line":14,"column":4},"end":{"line":16,"column":7}},"7":{"start":{"line":15,"column":6},"end":{"line":15,"column":45}},"8":{"start":{"line":19,"column":2},"end":{"line":33,"column":4}},"9":{"start":{"line":36,"column":15},"end":{"line":66,"column":2}}},"fnMap":{"0":{"name":"ContactScreen","decl":{"start":{"line":4,"column":24},"end":{"line":4,"column":37}},"loc":{"start":{"line":4,"column":40},"end":{"line":34,"column":1}},"line":4},"1":{"name":"(anonymous_1)","decl":{"start":{"line":7,"column":23},"end":{"line":7,"column":24}},"loc":{"start":{"line":7,"column":29},"end":{"line":17,"column":3}},"line":7},"2":{"name":"(anonymous_2)","decl":{"start":{"line":14,"column":31},"end":{"line":14,"column":32}},"loc":{"start":{"line":14,"column":37},"end":{"line":16,"column":5}},"line":14}},"branchMap":{"0":{"loc":{"start":{"line":8,"column":4},"end":{"line":11,"column":5}},"type":"if","locations":[{"start":{"line":8,"column":4},"end":{"line":11,"column":5}},{"start":{},"end":{}}],"line":8}},"s":{"0":0,"1":0,"2":0,"3":0,"4":0,"5":0,"6":0,"7":0,"8":0,"9":1},"f":{"0":0,"1":0,"2":0},"b":{"0":[0,0]},"_coverageSchema":"1a1c01bbd47fc00a2c39e90264f33305004495a9","hash":"8c8a219ade2522fbaf4fb16012f4026d87dbbd32"}
,"/Users/fujitamotohiro/awsClf/src/screens/HomeScreen.tsx": {"path":"/Users/fujitamotohiro/awsClf/src/screens/HomeScreen.tsx","statementMap":{"0":{"start":{"line":13,"column":16},"end":{"line":18,"column":1}},"1":{"start":{"line":21,"column":38},"end":{"line":21,"column":53}},"2":{"start":{"line":23,"column":24},"end":{"line":23,"column":65}},"3":{"start":{"line":24,"column":23},"end":{"line":24,"column":61}},"4":{"start":{"line":25,"column":28},"end":{"line":27,"column":7}},"5":{"start":{"line":29,"column":2},"end":{"line":110,"column":4}},"6":{"start":{"line":60,"column":25},"end":{"line":60,"column":72}},"7":{"start":{"line":67,"column":10},"end":{"line":76,"column":29}},"8":{"start":{"line":70,"column":27},"end":{"line":73,"column":14}},"9":{"start":{"line":81,"column":25},"end":{"line":81,"column":70}},"10":{"start":{"line":88,"column":25},"end":{"line":88,"column":56}},"11":{"start":{"line":97,"column":25},"end":{"line":97,"column":76}},"12":{"start":{"line":104,"column":25},"end":{"line":104,"column":75}},"13":{"start":{"line":113,"column":15},"end":{"line":204,"column":2}}},"fnMap":{"0":{"name":"HomeScreen","decl":{"start":{"line":20,"column":24},"end":{"line":20,"column":34}},"loc":{"start":{"line":20,"column":58},"end":{"line":111,"column":1}},"line":20},"1":{"name":"(anonymous_1)","decl":{"start":{"line":60,"column":19},"end":{"line":60,"column":20}},"loc":{"start":{"line":60,"column":25},"end":{"line":60,"column":72}},"line":60},"2":{"name":"(anonymous_2)","decl":{"start":{"line":66,"column":21},"end":{"line":66,"column":22}},"loc":{"start":{"line":67,"column":10},"end":{"line":76,"column":29}},"line":67},"3":{"name":"(anonymous_3)","decl":{"start":{"line":70,"column":21},"end":{"line":70,"column":22}},"loc":{"start":{"line":70,"column":27},"end":{"line":73,"column":14}},"line":70},"4":{"name":"(anonymous_4)","decl":{"start":{"line":81,"column":19},"end":{"line":81,"column":20}},"loc":{"start":{"line":81,"column":25},"end":{"line":81,"column":70}},"line":81},"5":{"name":"(anonymous_5)","decl":{"start":{"line":88,"column":19},"end":{"line":88,"column":20}},"loc":{"start":{"line":88,"column":25},"end":{"line":88,"column":56}},"line":88},"6":{"name":"(anonymous_6)","decl":{"start":{"line":97,"column":19},"end":{"line":97,"column":20}},"loc":{"start":{"line":97,"column":25},"end":{"line":97,"column":76}},"line":97},"7":{"name":"(anonymous_7)","decl":{"start":{"line":104,"column":19},"end":{"line":104,"column":20}},"loc":{"start":{"line":104,"column":25},"end":{"line":104,"column":75}},"line":104}},"branchMap":{"0":{"loc":{"start":{"line":23,"column":24},"end":{"line":23,"column":65}},"type":"binary-expr","locations":[{"start":{"line":23,"column":24},"end":{"line":23,"column":60}},{"start":{"line":23,"column":64},"end":{"line":23,"column":65}}],"line":23},"1":{"loc":{"start":{"line":24,"column":23},"end":{"line":24,"column":61}},"type":"binary-expr","locations":[{"start":{"line":24,"column":23},"end":{"line":24,"column":56}},{"start":{"line":24,"column":60},"end":{"line":24,"column":61}}],"line":24},"2":{"loc":{"start":{"line":25,"column":28},"end":{"line":27,"column":7}},"type":"cond-expr","locations":[{"start":{"line":26,"column":6},"end":{"line":26,"column":54}},{"start":{"line":27,"column":6},"end":{"line":27,"column":7}}],"line":25},"3":{"loc":{"start":{"line":35,"column":7},"end":{"line":53,"column":7}},"type":"binary-expr","locations":[{"start":{"line":35,"column":7},"end":{"line":35,"column":17}},{"start":{"line":36,"column":8},"end":{"line":52,"column":15}}],"line":35},"4":{"loc":{"start":{"line":48,"column":50},"end":{"line":48,"column":80}},"type":"binary-expr","locations":[{"start":{"line":48,"column":50},"end":{"line":48,"column":75}},{"start":{"line":48,"column":79},"end":{"line":48,"column":80}}],"line":48}},"s":{"0":0,"1":0,"2":0,"3":0,"4":0,"5":0,"6":0,"7":0,"8":0,"9":0,"10":0,"11":0,"12":0,"13":0},"f":{"0":0,"1":0,"2":0,"3":0,"4":0,"5":0,"6":0,"7":0},"b":{"0":[0,0],"1":[0,0],"2":[0,0],"3":[0,0],"4":[0,0]}}
,"/Users/fujitamotohiro/awsClf/src/screens/MockExamResultScreen.tsx": {"path":"/Users/fujitamotohiro/awsClf/src/screens/MockExamResultScreen.tsx","statementMap":{"0":{"start":{"line":17,"column":25},"end":{"line":17,"column":37}},"1":{"start":{"line":18,"column":21},"end":{"line":18,"column":72}},"2":{"start":{"line":19,"column":27},"end":{"line":19,"column":42}},"3":{"start":{"line":21,"column":38},"end":{"line":21,"column":75}},"4":{"start":{"line":22,"column":32},"end":{"line":22,"column":46}},"5":{"start":{"line":24,"column":2},"end":{"line":32,"column":33}},"6":{"start":{"line":25,"column":19},"end":{"line":25,"column":84}},"7":{"start":{"line":25,"column":61},"end":{"line":25,"column":83}},"8":{"start":{"line":27,"column":4},"end":{"line":29,"column":5}},"9":{"start":{"line":28,"column":6},"end":{"line":28,"column":28}},"10":{"start":{"line":31,"column":4},"end":{"line":31,"column":22}},"11":{"start":{"line":34,"column":2},"end":{"line":40,"column":3}},"12":{"start":{"line":35,"column":4},"end":{"line":39,"column":6}},"13":{"start":{"line":42,"column":2},"end":{"line":54,"column":3}},"14":{"start":{"line":43,"column":4},"end":{"line":53,"column":6}},"15":{"start":{"line":48,"column":25},"end":{"line":48,"column":52}},"16":{"start":{"line":56,"column":21},"end":{"line":56,"column":85}},"17":{"start":{"line":57,"column":20},"end":{"line":57,"column":36}},"18":{"start":{"line":59,"column":21},"end":{"line":63,"column":3}},"19":{"start":{"line":60,"column":20},"end":{"line":60,"column":44}},"20":{"start":{"line":61,"column":29},"end":{"line":61,"column":41}},"21":{"start":{"line":62,"column":4},"end":{"line":62,"column":45}},"22":{"start":{"line":65,"column":2},"end":{"line":172,"column":4}},"23":{"start":{"line":110,"column":35},"end":{"line":110,"column":84}},"24":{"start":{"line":112,"column":10},"end":{"line":133,"column":12}},"25":{"start":{"line":149,"column":39},"end":{"line":149,"column":76}},"26":{"start":{"line":150,"column":36},"end":{"line":150,"column":48}},"27":{"start":{"line":159,"column":25},"end":{"line":159,"column":52}},"28":{"start":{"line":166,"column":25},"end":{"line":166,"column":56}},"29":{"start":{"line":175,"column":15},"end":{"line":369,"column":2}}},"fnMap":{"0":{"name":"MockExamResultScreen","decl":{"start":{"line":16,"column":24},"end":{"line":16,"column":44}},"loc":{"start":{"line":16,"column":63},"end":{"line":173,"column":1}},"line":16},"1":{"name":"(anonymous_1)","decl":{"start":{"line":24,"column":12},"end":{"line":24,"column":13}},"loc":{"start":{"line":24,"column":18},"end":{"line":32,"column":3}},"line":24},"2":{"name":"(anonymous_2)","decl":{"start":{"line":25,"column":53},"end":{"line":25,"column":54}},"loc":{"start":{"line":25,"column":61},"end":{"line":25,"column":83}},"line":25},"3":{"name":"(anonymous_3)","decl":{"start":{"line":48,"column":19},"end":{"line":48,"column":20}},"loc":{"start":{"line":48,"column":25},"end":{"line":48,"column":52}},"line":48},"4":{"name":"(anonymous_4)","decl":{"start":{"line":59,"column":21},"end":{"line":59,"column":22}},"loc":{"start":{"line":59,"column":42},"end":{"line":63,"column":3}},"line":59},"5":{"name":"(anonymous_5)","decl":{"start":{"line":109,"column":53},"end":{"line":109,"column":54}},"loc":{"start":{"line":109,"column":75},"end":{"line":134,"column":9}},"line":109},"6":{"name":"(anonymous_6)","decl":{"start":{"line":149,"column":22},"end":{"line":149,"column":23}},"loc":{"start":{"line":149,"column":39},"end":{"line":149,"column":76}},"line":149},"7":{"name":"(anonymous_7)","decl":{"start":{"line":150,"column":19},"end":{"line":150,"column":20}},"loc":{"start":{"line":150,"column":36},"end":{"line":150,"column":48}},"line":150},"8":{"name":"(anonymous_8)","decl":{"start":{"line":159,"column":19},"end":{"line":159,"column":20}},"loc":{"start":{"line":159,"column":25},"end":{"line":159,"column":52}},"line":159},"9":{"name":"(anonymous_9)","decl":{"start":{"line":166,"column":19},"end":{"line":166,"column":20}},"loc":{"start":{"line":166,"column":25},"end":{"line":166,"column":56}},"line":166}},"branchMap":{"0":{"loc":{"start":{"line":27,"column":4},"end":{"line":29,"column":5}},"type":"if","locations":[{"start":{"line":27,"column":4},"end":{"line":29,"column":5}},{"start":{},"end":{}}],"line":27},"1":{"loc":{"start":{"line":34,"column":2},"end":{"line":40,"column":3}},"type":"if","locations":[{"start":{"line":34,"column":2},"end":{"line":40,"column":3}},{"start":{},"end":{}}],"line":34},"2":{"loc":{"start":{"line":42,"column":2},"end":{"line":54,"column":3}},"type":"if","locations":[{"start":{"line":42,"column":2},"end":{"line":54,"column":3}},{"start":{},"end":{}}],"line":42},"3":{"loc":{"start":{"line":71,"column":10},"end":{"line":71,"column":63}},"type":"cond-expr","locations":[{"start":{"line":71,"column":22},"end":{"line":71,"column":41}},{"start":{"line":71,"column":44},"end":{"line":71,"column":63}}],"line":71},"4":{"loc":{"start":{"line":80,"column":10},"end":{"line":80,"column":65}},"type":"cond-expr","locations":[{"start":{"line":80,"column":22},"end":{"line":80,"column":42}},{"start":{"line":80,"column":45},"end":{"line":80,"column":65}}],"line":80},"5":{"loc":{"start":{"line":82,"column":11},"end":{"line":82,"column":35}},"type":"cond-expr","locations":[{"start":{"line":82,"column":23},"end":{"line":82,"column":27}},{"start":{"line":82,"column":30},"end":{"line":82,"column":35}}],"line":82},"6":{"loc":{"start":{"line":124,"column":20},"end":{"line":124,"column":82}},"type":"cond-expr","locations":[{"start":{"line":124,"column":45},"end":{"line":124,"column":62}},{"start":{"line":124,"column":65},"end":{"line":124,"column":82}}],"line":124},"7":{"loc":{"start":{"line":140,"column":11},"end":{"line":142,"column":65}},"type":"cond-expr","locations":[{"start":{"line":141,"column":14},"end":{"line":141,"column":70}},{"start":{"line":142,"column":14},"end":{"line":142,"column":65}}],"line":140},"8":{"loc":{"start":{"line":145,"column":9},"end":{"line":153,"column":9}},"type":"binary-expr","locations":[{"start":{"line":145,"column":9},"end":{"line":145,"column":19}},{"start":{"line":146,"column":10},"end":{"line":152,"column":17}}],"line":145}},"s":{"0":0,"1":0,"2":0,"3":0,"4":0,"5":0,"6":0,"7":0,"8":0,"9":0,"10":0,"11":0,"12":0,"13":0,"14":0,"15":0,"16":0,"17":0,"18":0,"19":0,"20":0,"21":0,"22":0,"23":0,"24":0,"25":0,"26":0,"27":0,"28":0,"29":1},"f":{"0":0,"1":0,"2":0,"3":0,"4":0,"5":0,"6":0,"7":0,"8":0,"9":0},"b":{"0":[0,0],"1":[0,0],"2":[0,0],"3":[0,0],"4":[0,0],"5":[0,0],"6":[0,0],"7":[0,0],"8":[0,0]},"_coverageSchema":"1a1c01bbd47fc00a2c39e90264f33305004495a9","hash":"4550c19c5644970687ba2a78d8d6910f8c971b6e"}
,"/Users/fujitamotohiro/awsClf/src/screens/MockExamScreen.tsx": {"path":"/Users/fujitamotohiro/awsClf/src/screens/MockExamScreen.tsx","statementMap":{"0":{"start":{"line":13,"column":21},"end":{"line":13,"column":66}},"1":{"start":{"line":14,"column":33},"end":{"line":14,"column":48}},"2":{"start":{"line":16,"column":36},"end":{"line":16,"column":60}},"3":{"start":{"line":17,"column":58},"end":{"line":17,"column":69}},"4":{"start":{"line":18,"column":32},"end":{"line":18,"column":63}},"5":{"start":{"line":19,"column":44},"end":{"line":19,"column":61}},"6":{"start":{"line":20,"column":40},"end":{"line":20,"column":55}},"7":{"start":{"line":21,"column":44},"end":{"line":21,"column":59}},"8":{"start":{"line":23,"column":19},"end":{"line":23,"column":54}},"9":{"start":{"line":24,"column":23},"end":{"line":24,"column":40}},"10":{"start":{"line":26,"column":2},"end":{"line":35,"column":9}},"11":{"start":{"line":27,"column":25},"end":{"line":27,"column":59}},"12":{"start":{"line":29,"column":30},"end":{"line":29,"column":79}},"13":{"start":{"line":29,"column":59},"end":{"line":29,"column":78}},"14":{"start":{"line":31,"column":26},"end":{"line":31,"column":92}},"15":{"start":{"line":33,"column":4},"end":{"line":33,"column":32}},"16":{"start":{"line":34,"column":4},"end":{"line":34,"column":59}},"17":{"start":{"line":37,"column":2},"end":{"line":58,"column":35}},"18":{"start":{"line":38,"column":4},"end":{"line":51,"column":5}},"19":{"start":{"line":39,"column":6},"end":{"line":48,"column":15}},"20":{"start":{"line":40,"column":8},"end":{"line":47,"column":11}},"21":{"start":{"line":41,"column":10},"end":{"line":45,"column":11}},"22":{"start":{"line":42,"column":12},"end":{"line":42,"column":62}},"23":{"start":{"line":43,"column":12},"end":{"line":43,"column":33}},"24":{"start":{"line":44,"column":12},"end":{"line":44,"column":21}},"25":{"start":{"line":46,"column":10},"end":{"line":46,"column":26}},"26":{"start":{"line":50,"column":6},"end":{"line":50,"column":40}},"27":{"start":{"line":53,"column":4},"end":{"line":57,"column":6}},"28":{"start":{"line":54,"column":6},"end":{"line":56,"column":7}},"29":{"start":{"line":55,"column":8},"end":{"line":55,"column":40}},"30":{"start":{"line":60,"column":21},"end":{"line":64,"column":3}},"31":{"start":{"line":61,"column":20},"end":{"line":61,"column":44}},"32":{"start":{"line":62,"column":29},"end":{"line":62,"column":41}},"33":{"start":{"line":63,"column":4},"end":{"line":63,"column":79}},"34":{"start":{"line":66,"column":26},"end":{"line":68,"column":3}},"35":{"start":{"line":67,"column":4},"end":{"line":67,"column":25}},"36":{"start":{"line":70,"column":29},"end":{"line":74,"column":3}},"37":{"start":{"line":71,"column":23},"end":{"line":71,"column":35}},"38":{"start":{"line":72,"column":4},"end":{"line":72,"column":51}},"39":{"start":{"line":73,"column":4},"end":{"line":73,"column":27}},"40":{"start":{"line":76,"column":29},"end":{"line":80,"column":3}},"41":{"start":{"line":77,"column":4},"end":{"line":79,"column":5}},"42":{"start":{"line":78,"column":6},"end":{"line":78,"column":56}},"43":{"start":{"line":82,"column":29},"end":{"line":86,"column":3}},"44":{"start":{"line":83,"column":4},"end":{"line":85,"column":5}},"45":{"start":{"line":84,"column":6},"end":{"line":84,"column":56}},"46":{"start":{"line":88,"column":29},"end":{"line":126,"column":3}},"47":{"start":{"line":89,"column":4},"end":{"line":89,"column":27}},"48":{"start":{"line":91,"column":4},"end":{"line":93,"column":5}},"49":{"start":{"line":92,"column":6},"end":{"line":92,"column":38}},"50":{"start":{"line":95,"column":16},"end":{"line":95,"column":17}},"51":{"start":{"line":96,"column":77},"end":{"line":96,"column":79}},"52":{"start":{"line":98,"column":4},"end":{"line":109,"column":7}},"53":{"start":{"line":99,"column":6},"end":{"line":101,"column":7}},"54":{"start":{"line":100,"column":8},"end":{"line":100,"column":65}},"55":{"start":{"line":103,"column":6},"end":{"line":103,"column":47}},"56":{"start":{"line":105,"column":6},"end":{"line":108,"column":7}},"57":{"start":{"line":106,"column":8},"end":{"line":106,"column":19}},"58":{"start":{"line":107,"column":8},"end":{"line":107,"column":51}},"59":{"start":{"line":111,"column":29},"end":{"line":111,"column":83}},"60":{"start":{"line":113,"column":23},"end":{"line":113,"column":43}},"61":{"start":{"line":114,"column":35},"end":{"line":121,"column":5}},"62":{"start":{"line":123,"column":4},"end":{"line":123,"column":37}},"63":{"start":{"line":125,"column":4},"end":{"line":125,"column":58}},"64":{"start":{"line":128,"column":24},"end":{"line":149,"column":3}},"65":{"start":{"line":129,"column":28},"end":{"line":129,"column":66}},"66":{"start":{"line":129,"column":48},"end":{"line":129,"column":58}},"67":{"start":{"line":131,"column":4},"end":{"line":148,"column":5}},"68":{"start":{"line":132,"column":6},"end":{"line":145,"column":8}},"69":{"start":{"line":147,"column":6},"end":{"line":147,"column":27}},"70":{"start":{"line":151,"column":2},"end":{"line":174,"column":3}},"71":{"start":{"line":152,"column":4},"end":{"line":173,"column":6}},"72":{"start":{"line":176,"column":2},"end":{"line":182,"column":3}},"73":{"start":{"line":177,"column":4},"end":{"line":181,"column":6}},"74":{"start":{"line":184,"column":26},"end":{"line":184,"column":57}},"75":{"start":{"line":185,"column":24},"end":{"line":185,"column":53}},"76":{"start":{"line":186,"column":24},"end":{"line":186,"column":62}},"77":{"start":{"line":186,"column":44},"end":{"line":186,"column":54}},"78":{"start":{"line":188,"column":2},"end":{"line":249,"column":4}},"79":{"start":{"line":208,"column":14},"end":{"line":217,"column":33}},"80":{"start":{"line":214,"column":31},"end":{"line":214,"column":56}},"81":{"start":{"line":252,"column":15},"end":{"line":374,"column":2}}},"fnMap":{"0":{"name":"MockExamScreen","decl":{"start":{"line":12,"column":24},"end":{"line":12,"column":38}},"loc":{"start":{"line":12,"column":41},"end":{"line":250,"column":1}},"line":12},"1":{"name":"(anonymous_1)","decl":{"start":{"line":26,"column":12},"end":{"line":26,"column":13}},"loc":{"start":{"line":26,"column":18},"end":{"line":35,"column":3}},"line":26},"2":{"name":"(anonymous_2)","decl":{"start":{"line":29,"column":53},"end":{"line":29,"column":54}},"loc":{"start":{"line":29,"column":59},"end":{"line":29,"column":78}},"line":29},"3":{"name":"(anonymous_3)","decl":{"start":{"line":37,"column":12},"end":{"line":37,"column":13}},"loc":{"start":{"line":37,"column":18},"end":{"line":58,"column":3}},"line":37},"4":{"name":"(anonymous_4)","decl":{"start":{"line":39,"column":37},"end":{"line":39,"column":38}},"loc":{"start":{"line":39,"column":43},"end":{"line":48,"column":7}},"line":39},"5":{"name":"(anonymous_5)","decl":{"start":{"line":40,"column":25},"end":{"line":40,"column":26}},"loc":{"start":{"line":40,"column":33},"end":{"line":47,"column":9}},"line":40},"6":{"name":"(anonymous_6)","decl":{"start":{"line":53,"column":11},"end":{"line":53,"column":12}},"loc":{"start":{"line":53,"column":17},"end":{"line":57,"column":5}},"line":53},"7":{"name":"(anonymous_7)","decl":{"start":{"line":60,"column":21},"end":{"line":60,"column":22}},"loc":{"start":{"line":60,"column":42},"end":{"line":64,"column":3}},"line":60},"8":{"name":"(anonymous_8)","decl":{"start":{"line":66,"column":26},"end":{"line":66,"column":27}},"loc":{"start":{"line":66,"column":32},"end":{"line":68,"column":3}},"line":66},"9":{"name":"(anonymous_9)","decl":{"start":{"line":70,"column":29},"end":{"line":70,"column":30}},"loc":{"start":{"line":70,"column":54},"end":{"line":74,"column":3}},"line":70},"10":{"name":"(anonymous_10)","decl":{"start":{"line":76,"column":29},"end":{"line":76,"column":30}},"loc":{"start":{"line":76,"column":35},"end":{"line":80,"column":3}},"line":76},"11":{"name":"(anonymous_11)","decl":{"start":{"line":82,"column":29},"end":{"line":82,"column":30}},"loc":{"start":{"line":82,"column":35},"end":{"line":86,"column":3}},"line":82},"12":{"name":"(anonymous_12)","decl":{"start":{"line":88,"column":29},"end":{"line":88,"column":30}},"loc":{"start":{"line":88,"column":41},"end":{"line":126,"column":3}},"line":88},"13":{"name":"(anonymous_13)","decl":{"start":{"line":98,"column":22},"end":{"line":98,"column":23}},"loc":{"start":{"line":98,"column":43},"end":{"line":109,"column":5}},"line":98},"14":{"name":"(anonymous_14)","decl":{"start":{"line":128,"column":24},"end":{"line":128,"column":25}},"loc":{"start":{"line":128,"column":30},"end":{"line":149,"column":3}},"line":128},"15":{"name":"(anonymous_15)","decl":{"start":{"line":129,"column":43},"end":{"line":129,"column":44}},"loc":{"start":{"line":129,"column":48},"end":{"line":129,"column":58}},"line":129},"16":{"name":"(anonymous_16)","decl":{"start":{"line":186,"column":39},"end":{"line":186,"column":40}},"loc":{"start":{"line":186,"column":44},"end":{"line":186,"column":54}},"line":186},"17":{"name":"(anonymous_17)","decl":{"start":{"line":207,"column":41},"end":{"line":207,"column":42}},"loc":{"start":{"line":208,"column":14},"end":{"line":217,"column":33}},"line":208},"18":{"name":"(anonymous_18)","decl":{"start":{"line":214,"column":25},"end":{"line":214,"column":26}},"loc":{"start":{"line":214,"column":31},"end":{"line":214,"column":56}},"line":214}},"branchMap":{"0":{"loc":{"start":{"line":38,"column":4},"end":{"line":51,"column":5}},"type":"if","locations":[{"start":{"line":38,"column":4},"end":{"line":51,"column":5}},{"start":{},"end":{}}],"line":38},"1":{"loc":{"start":{"line":38,"column":8},"end":{"line":38,"column":37}},"type":"binary-expr","locations":[{"start":{"line":38,"column":8},"end":{"line":38,"column":19}},{"start":{"line":38,"column":23},"end":{"line":38,"column":37}}],"line":38},"2":{"loc":{"start":{"line":41,"column":10},"end":{"line":45,"column":11}},"type":"if","locations":[{"start":{"line":41,"column":10},"end":{"line":45,"column":11}},{"start":{},"end":{}}],"line":41},"3":{"loc":{"start":{"line":54,"column":6},"end":{"line":56,"column":7}},"type":"if","locations":[{"start":{"line":54,"column":6},"end":{"line":56,"column":7}},{"start":{},"end":{}}],"line":54},"4":{"loc":{"start":{"line":63,"column":25},"end":{"line":63,"column":57}},"type":"cond-expr","locations":[{"start":{"line":63,"column":49},"end":{"line":63,"column":52}},{"start":{"line":63,"column":55},"end":{"line":63,"column":57}}],"line":63},"5":{"loc":{"start":{"line":77,"column":4},"end":{"line":79,"column":5}},"type":"if","locations":[{"start":{"line":77,"column":4},"end":{"line":79,"column":5}},{"start":{},"end":{}}],"line":77},"6":{"loc":{"start":{"line":83,"column":4},"end":{"line":85,"column":5}},"type":"if","locations":[{"start":{"line":83,"column":4},"end":{"line":85,"column":5}},{"start":{},"end":{}}],"line":83},"7":{"loc":{"start":{"line":91,"column":4},"end":{"line":93,"column":5}},"type":"if","locations":[{"start":{"line":91,"column":4},"end":{"line":93,"column":5}},{"start":{},"end":{}}],"line":91},"8":{"loc":{"start":{"line":99,"column":6},"end":{"line":101,"column":7}},"type":"if","locations":[{"start":{"line":99,"column":6},"end":{"line":101,"column":7}},{"start":{},"end":{}}],"line":99},"9":{"loc":{"start":{"line":105,"column":6},"end":{"line":108,"column":7}},"type":"if","locations":[{"start":{"line":105,"column":6},"end":{"line":108,"column":7}},{"start":{},"end":{}}],"line":105},"10":{"loc":{"start":{"line":131,"column":4},"end":{"line":148,"column":5}},"type":"if","locations":[{"start":{"line":131,"column":4},"end":{"line":148,"column":5}},{"start":{"line":146,"column":11},"end":{"line":148,"column":5}}],"line":131},"11":{"loc":{"start":{"line":151,"column":2},"end":{"line":174,"column":3}},"type":"if","locations":[{"start":{"line":151,"column":2},"end":{"line":174,"column":3}},{"start":{},"end":{}}],"line":151},"12":{"loc":{"start":{"line":176,"column":2},"end":{"line":182,"column":3}},"type":"if","locations":[{"start":{"line":176,"column":2},"end":{"line":182,"column":3}},{"start":{},"end":{}}],"line":176},"13":{"loc":{"start":{"line":212,"column":18},"end":{"line":212,"column":66}},"type":"binary-expr","locations":[{"start":{"line":212,"column":18},"end":{"line":212,"column":41}},{"start":{"line":212,"column":45},"end":{"line":212,"column":66}}],"line":212},"14":{"loc":{"start":{"line":225,"column":36},"end":{"line":225,"column":87}},"type":"binary-expr","locations":[{"start":{"line":225,"column":36},"end":{"line":225,"column":62}},{"start":{"line":225,"column":66},"end":{"line":225,"column":87}}],"line":225},"15":{"loc":{"start":{"line":232,"column":9},"end":{"line":246,"column":9}},"type":"cond-expr","locations":[{"start":{"line":233,"column":10},"end":{"line":238,"column":29}},{"start":{"line":240,"column":10},"end":{"line":245,"column":29}}],"line":232}},"s":{"0":0,"1":0,"2":0,"3":0,"4":0,"5":0,"6":0,"7":0,"8":0,"9":0,"10":0,"11":0,"12":0,"13":0,"14":0,"15":0,"16":0,"17":0,"18":0,"19":0,"20":0,"21":0,"22":0,"23":0,"24":0,"25":0,"26":0,"27":0,"28":0,"29":0,"30":0,"31":0,"32":0,"33":0,"34":0,"35":0,"36":0,"37":0,"38":0,"39":0,"40":0,"41":0,"42":0,"43":0,"44":0,"45":0,"46":0,"47":0,"48":0,"49":0,"50":0,"51":0,"52":0,"53":0,"54":0,"55":0,"56":0,"57":0,"58":0,"59":0,"60":0,"61":0,"62":0,"63":0,"64":0,"65":0,"66":0,"67":0,"68":0,"69":0,"70":0,"71":0,"72":0,"73":0,"74":0,"75":0,"76":0,"77":0,"78":0,"79":0,"80":0,"81":1},"f":{"0":0,"1":0,"2":0,"3":0,"4":0,"5":0,"6":0,"7":0,"8":0,"9":0,"10":0,"11":0,"12":0,"13":0,"14":0,"15":0,"16":0,"17":0,"18":0},"b":{"0":[0,0],"1":[0,0],"2":[0,0],"3":[0,0],"4":[0,0],"5":[0,0],"6":[0,0],"7":[0,0],"8":[0,0],"9":[0,0],"10":[0,0],"11":[0,0],"12":[0,0],"13":[0,0],"14":[0,0],"15":[0,0]},"_coverageSchema":"1a1c01bbd47fc00a2c39e90264f33305004495a9","hash":"25d2d44a7dc1527b30ade4083fc8a68b2153a1e9"}
,"/Users/fujitamotohiro/awsClf/src/screens/QuizScreen.tsx": {"path":"/Users/fujitamotohiro/awsClf/src/screens/QuizScreen.tsx","statementMap":{"0":{"start":{"line":20,"column":15},"end":{"line":141,"column":2}},"1":{"start":{"line":144,"column":45},"end":{"line":144,"column":57}},"2":{"start":{"line":150,"column":6},"end":{"line":150,"column":21}},"3":{"start":{"line":152,"column":20},"end":{"line":152,"column":32}},"4":{"start":{"line":154,"column":36},"end":{"line":154,"column":60}},"5":{"start":{"line":155,"column":58},"end":{"line":155,"column":69}},"6":{"start":{"line":156,"column":46},"end":{"line":156,"column":75}},"7":{"start":{"line":157,"column":48},"end":{"line":157,"column":63}},"8":{"start":{"line":158,"column":28},"end":{"line":158,"column":39}},"9":{"start":{"line":159,"column":42},"end":{"line":159,"column":57}},"10":{"start":{"line":160,"column":36},"end":{"line":160,"column":50}},"11":{"start":{"line":162,"column":2},"end":{"line":177,"column":4}},"12":{"start":{"line":164,"column":6},"end":{"line":164,"column":31}},"13":{"start":{"line":166,"column":6},"end":{"line":166,"column":33}},"14":{"start":{"line":167,"column":6},"end":{"line":167,"column":30}},"15":{"start":{"line":168,"column":6},"end":{"line":168,"column":32}},"16":{"start":{"line":169,"column":6},"end":{"line":169,"column":18}},"17":{"start":{"line":171,"column":6},"end":{"line":171,"column":22}},"18":{"start":{"line":173,"column":6},"end":{"line":175,"column":8}},"19":{"start":{"line":174,"column":8},"end":{"line":174,"column":34}},"20":{"start":{"line":179,"column":24},"end":{"line":243,"column":63}},"21":{"start":{"line":180,"column":4},"end":{"line":180,"column":23}},"22":{"start":{"line":182,"column":4},"end":{"line":242,"column":5}},"23":{"start":{"line":183,"column":30},"end":{"line":183,"column":64}},"24":{"start":{"line":185,"column":6},"end":{"line":202,"column":7}},"25":{"start":{"line":186,"column":8},"end":{"line":188,"column":10}},"26":{"start":{"line":187,"column":15},"end":{"line":187,"column":51}},"27":{"start":{"line":189,"column":13},"end":{"line":202,"column":7}},"28":{"start":{"line":190,"column":8},"end":{"line":192,"column":10}},"29":{"start":{"line":191,"column":10},"end":{"line":191,"column":43}},"30":{"start":{"line":193,"column":13},"end":{"line":202,"column":7}},"31":{"start":{"line":194,"column":8},"end":{"line":199,"column":11}},"32":{"start":{"line":195,"column":26},"end":{"line":195,"column":47}},"33":{"start":{"line":196,"column":10},"end":{"line":198,"column":12}},"34":{"start":{"line":200,"column":13},"end":{"line":202,"column":7}},"35":{"start":{"line":201,"column":8},"end":{"line":201,"column":79}},"36":{"start":{"line":201,"column":58},"end":{"line":201,"column":77}},"37":{"start":{"line":205,"column":6},"end":{"line":207,"column":7}},"38":{"start":{"line":206,"column":8},"end":{"line":206,"column":83}},"39":{"start":{"line":206,"column":62},"end":{"line":206,"column":81}},"40":{"start":{"line":209,"column":6},"end":{"line":215,"column":7}},"41":{"start":{"line":210,"column":28},"end":{"line":210,"column":78}},"42":{"start":{"line":210,"column":67},"end":{"line":210,"column":77}},"43":{"start":{"line":211,"column":27},"end":{"line":211,"column":85}},"44":{"start":{"line":211,"column":57},"end":{"line":211,"column":84}},"45":{"start":{"line":212,"column":8},"end":{"line":214,"column":9}},"46":{"start":{"line":213,"column":10},"end":{"line":213,"column":41}},"47":{"start":{"line":217,"column":6},"end":{"line":225,"column":7}},"48":{"start":{"line":219,"column":8},"end":{"line":221,"column":9}},"49":{"start":{"line":220,"column":10},"end":{"line":220,"column":85}},"50":{"start":{"line":220,"column":64},"end":{"line":220,"column":83}},"51":{"start":{"line":222,"column":8},"end":{"line":222,"column":59}},"52":{"start":{"line":223,"column":13},"end":{"line":225,"column":7}},"53":{"start":{"line":224,"column":8},"end":{"line":224,"column":59}},"54":{"start":{"line":227,"column":6},"end":{"line":235,"column":7}},"55":{"start":{"line":228,"column":8},"end":{"line":228,"column":40}},"56":{"start":{"line":229,"column":8},"end":{"line":229,"column":28}},"57":{"start":{"line":231,"column":8},"end":{"line":234,"column":9}},"58":{"start":{"line":232,"column":34},"end":{"line":232,"column":54}},"59":{"start":{"line":233,"column":10},"end":{"line":233,"column":77}},"60":{"start":{"line":237,"column":6},"end":{"line":237,"column":55}},"61":{"start":{"line":238,"column":6},"end":{"line":241,"column":7}},"62":{"start":{"line":239,"column":8},"end":{"line":239,"column":28}},"63":{"start":{"line":240,"column":8},"end":{"line":240,"column":51}},"64":{"start":{"line":245,"column":2},"end":{"line":250,"column":57}},"65":{"start":{"line":246,"column":4},"end":{"line":249,"column":5}},"66":{"start":{"line":247,"column":30},"end":{"line":247,"column":61}},"67":{"start":{"line":248,"column":6},"end":{"line":248,"column":73}},"68":{"start":{"line":252,"column":31},"end":{"line":260,"column":3}},"69":{"start":{"line":253,"column":4},"end":{"line":259,"column":5}},"70":{"start":{"line":254,"column":23},"end":{"line":254,"column":54}},"71":{"start":{"line":255,"column":6},"end":{"line":255,"column":57}},"72":{"start":{"line":256,"column":6},"end":{"line":258,"column":7}},"73":{"start":{"line":257,"column":8},"end":{"line":257,"column":39}},"74":{"start":{"line":262,"column":29},"end":{"line":285,"column":3}},"75":{"start":{"line":263,"column":4},"end":{"line":263,"column":35}},"76":{"start":{"line":263,"column":28},"end":{"line":263,"column":35}},"77":{"start":{"line":265,"column":4},"end":{"line":265,"column":35}},"78":{"start":{"line":267,"column":4},"end":{"line":269,"column":5}},"79":{"start":{"line":268,"column":6},"end":{"line":268,"column":31}},"80":{"start":{"line":271,"column":4},"end":{"line":284,"column":5}},"81":{"start":{"line":272,"column":30},"end":{"line":272,"column":61}},"82":{"start":{"line":273,"column":24},"end":{"line":273,"column":69}},"83":{"start":{"line":275,"column":6},"end":{"line":277,"column":7}},"84":{"start":{"line":276,"column":8},"end":{"line":276,"column":45}},"85":{"start":{"line":276,"column":30},"end":{"line":276,"column":43}},"86":{"start":{"line":279,"column":6},"end":{"line":283,"column":8}},"87":{"start":{"line":287,"column":29},"end":{"line":300,"column":3}},"88":{"start":{"line":288,"column":4},"end":{"line":288,"column":35}},"89":{"start":{"line":288,"column":28},"end":{"line":288,"column":35}},"90":{"start":{"line":290,"column":4},"end":{"line":299,"column":5}},"91":{"start":{"line":291,"column":6},"end":{"line":291,"column":58}},"92":{"start":{"line":291,"column":43},"end":{"line":291,"column":56}},"93":{"start":{"line":292,"column":6},"end":{"line":292,"column":30}},"94":{"start":{"line":293,"column":6},"end":{"line":293,"column":32}},"95":{"start":{"line":295,"column":6},"end":{"line":298,"column":9}},"96":{"start":{"line":302,"column":2},"end":{"line":308,"column":3}},"97":{"start":{"line":303,"column":4},"end":{"line":307,"column":6}},"98":{"start":{"line":310,"column":2},"end":{"line":328,"column":3}},"99":{"start":{"line":311,"column":4},"end":{"line":327,"column":6}},"100":{"start":{"line":322,"column":25},"end":{"line":322,"column":44}},"101":{"start":{"line":330,"column":2},"end":{"line":342,"column":3}},"102":{"start":{"line":331,"column":4},"end":{"line":341,"column":6}},"103":{"start":{"line":336,"column":25},"end":{"line":336,"column":44}},"104":{"start":{"line":344,"column":26},"end":{"line":344,"column":57}},"105":{"start":{"line":346,"column":2},"end":{"line":381,"column":4}}},"fnMap":{"0":{"name":"QuizScreen","decl":{"start":{"line":143,"column":24},"end":{"line":143,"column":34}},"loc":{"start":{"line":143,"column":65},"end":{"line":382,"column":1}},"line":143},"1":{"name":"(anonymous_1)","decl":{"start":{"line":163,"column":16},"end":{"line":163,"column":17}},"loc":{"start":{"line":163,"column":22},"end":{"line":176,"column":5}},"line":163},"2":{"name":"(anonymous_2)","decl":{"start":{"line":173,"column":13},"end":{"line":173,"column":14}},"loc":{"start":{"line":173,"column":19},"end":{"line":175,"column":7}},"line":173},"3":{"name":"(anonymous_3)","decl":{"start":{"line":179,"column":36},"end":{"line":179,"column":37}},"loc":{"start":{"line":179,"column":42},"end":{"line":243,"column":3}},"line":179},"4":{"name":"(anonymous_4)","decl":{"start":{"line":187,"column":10},"end":{"line":187,"column":11}},"loc":{"start":{"line":187,"column":15},"end":{"line":187,"column":51}},"line":187},"5":{"name":"(anonymous_5)","decl":{"start":{"line":190,"column":53},"end":{"line":190,"column":54}},"loc":{"start":{"line":191,"column":10},"end":{"line":191,"column":43}},"line":191},"6":{"name":"(anonymous_6)","decl":{"start":{"line":194,"column":53},"end":{"line":194,"column":54}},"loc":{"start":{"line":194,"column":58},"end":{"line":199,"column":9}},"line":194},"7":{"name":"(anonymous_7)","decl":{"start":{"line":201,"column":53},"end":{"line":201,"column":54}},"loc":{"start":{"line":201,"column":58},"end":{"line":201,"column":77}},"line":201},"8":{"name":"(anonymous_8)","decl":{"start":{"line":206,"column":56},"end":{"line":206,"column":57}},"loc":{"start":{"line":206,"column":62},"end":{"line":206,"column":81}},"line":206},"9":{"name":"(anonymous_9)","decl":{"start":{"line":210,"column":61},"end":{"line":210,"column":62}},"loc":{"start":{"line":210,"column":67},"end":{"line":210,"column":77}},"line":210},"10":{"name":"(anonymous_10)","decl":{"start":{"line":211,"column":52},"end":{"line":211,"column":53}},"loc":{"start":{"line":211,"column":57},"end":{"line":211,"column":84}},"line":211},"11":{"name":"(anonymous_11)","decl":{"start":{"line":220,"column":58},"end":{"line":220,"column":59}},"loc":{"start":{"line":220,"column":64},"end":{"line":220,"column":83}},"line":220},"12":{"name":"(anonymous_12)","decl":{"start":{"line":245,"column":12},"end":{"line":245,"column":13}},"loc":{"start":{"line":245,"column":18},"end":{"line":250,"column":3}},"line":245},"13":{"name":"(anonymous_13)","decl":{"start":{"line":252,"column":31},"end":{"line":252,"column":32}},"loc":{"start":{"line":252,"column":43},"end":{"line":260,"column":3}},"line":252},"14":{"name":"(anonymous_14)","decl":{"start":{"line":262,"column":29},"end":{"line":262,"column":30}},"loc":{"start":{"line":262,"column":60},"end":{"line":285,"column":3}},"line":262},"15":{"name":"(anonymous_15)","decl":{"start":{"line":276,"column":17},"end":{"line":276,"column":18}},"loc":{"start":{"line":276,"column":30},"end":{"line":276,"column":43}},"line":276},"16":{"name":"(anonymous_16)","decl":{"start":{"line":287,"column":29},"end":{"line":287,"column":30}},"loc":{"start":{"line":287,"column":35},"end":{"line":300,"column":3}},"line":287},"17":{"name":"(anonymous_17)","decl":{"start":{"line":291,"column":30},"end":{"line":291,"column":31}},"loc":{"start":{"line":291,"column":43},"end":{"line":291,"column":56}},"line":291},"18":{"name":"(anonymous_18)","decl":{"start":{"line":322,"column":19},"end":{"line":322,"column":20}},"loc":{"start":{"line":322,"column":25},"end":{"line":322,"column":44}},"line":322},"19":{"name":"(anonymous_19)","decl":{"start":{"line":336,"column":19},"end":{"line":336,"column":20}},"loc":{"start":{"line":336,"column":25},"end":{"line":336,"column":44}},"line":336}},"branchMap":{"0":{"loc":{"start":{"line":185,"column":6},"end":{"line":202,"column":7}},"type":"if","locations":[{"start":{"line":185,"column":6},"end":{"line":202,"column":7}},{"start":{"line":189,"column":13},"end":{"line":202,"column":7}}],"line":185},"1":{"loc":{"start":{"line":185,"column":10},"end":{"line":185,"column":43}},"type":"binary-expr","locations":[{"start":{"line":185,"column":10},"end":{"line":185,"column":27}},{"start":{"line":185,"column":31},"end":{"line":185,"column":43}}],"line":185},"2":{"loc":{"start":{"line":189,"column":13},"end":{"line":202,"column":7}},"type":"if","locations":[{"start":{"line":189,"column":13},"end":{"line":202,"column":7}},{"start":{"line":193,"column":13},"end":{"line":202,"column":7}}],"line":189},"3":{"loc":{"start":{"line":193,"column":13},"end":{"line":202,"column":7}},"type":"if","locations":[{"start":{"line":193,"column":13},"end":{"line":202,"column":7}},{"start":{"line":200,"column":13},"end":{"line":202,"column":7}}],"line":193},"4":{"loc":{"start":{"line":197,"column":12},"end":{"line":197,"column":89}},"type":"binary-expr","locations":[{"start":{"line":197,"column":12},"end":{"line":197,"column":19}},{"start":{"line":197,"column":23},"end":{"line":197,"column":43}},{"start":{"line":197,"column":47},"end":{"line":197,"column":89}}],"line":197},"5":{"loc":{"start":{"line":200,"column":13},"end":{"line":202,"column":7}},"type":"if","locations":[{"start":{"line":200,"column":13},"end":{"line":202,"column":7}},{"start":{},"end":{}}],"line":200},"6":{"loc":{"start":{"line":200,"column":17},"end":{"line":200,"column":48}},"type":"binary-expr","locations":[{"start":{"line":200,"column":17},"end":{"line":200,"column":34}},{"start":{"line":200,"column":38},"end":{"line":200,"column":48}}],"line":200},"7":{"loc":{"start":{"line":205,"column":6},"end":{"line":207,"column":7}},"type":"if","locations":[{"start":{"line":205,"column":6},"end":{"line":207,"column":7}},{"start":{},"end":{}}],"line":205},"8":{"loc":{"start":{"line":205,"column":10},"end":{"line":205,"column":54}},"type":"binary-expr","locations":[{"start":{"line":205,"column":10},"end":{"line":205,"column":33}},{"start":{"line":205,"column":37},"end":{"line":205,"column":54}}],"line":205},"9":{"loc":{"start":{"line":209,"column":6},"end":{"line":215,"column":7}},"type":"if","locations":[{"start":{"line":209,"column":6},"end":{"line":215,"column":7}},{"start":{},"end":{}}],"line":209},"10":{"loc":{"start":{"line":209,"column":10},"end":{"line":209,"column":93}},"type":"binary-expr","locations":[{"start":{"line":209,"column":10},"end":{"line":209,"column":31}},{"start":{"line":209,"column":35},"end":{"line":209,"column":55}},{"start":{"line":209,"column":59},"end":{"line":209,"column":93}}],"line":209},"11":{"loc":{"start":{"line":209,"column":61},"end":{"line":209,"column":92}},"type":"binary-expr","locations":[{"start":{"line":209,"column":61},"end":{"line":209,"column":78}},{"start":{"line":209,"column":82},"end":{"line":209,"column":92}}],"line":209},"12":{"loc":{"start":{"line":212,"column":8},"end":{"line":214,"column":9}},"type":"if","locations":[{"start":{"line":212,"column":8},"end":{"line":214,"column":9}},{"start":{},"end":{}}],"line":212},"13":{"loc":{"start":{"line":217,"column":6},"end":{"line":225,"column":7}},"type":"if","locations":[{"start":{"line":217,"column":6},"end":{"line":225,"column":7}},{"start":{"line":223,"column":13},"end":{"line":225,"column":7}}],"line":217},"14":{"loc":{"start":{"line":217,"column":10},"end":{"line":217,"column":42}},"type":"binary-expr","locations":[{"start":{"line":217,"column":10},"end":{"line":217,"column":27}},{"start":{"line":217,"column":31},"end":{"line":217,"column":42}}],"line":217},"15":{"loc":{"start":{"line":219,"column":8},"end":{"line":221,"column":9}},"type":"if","locations":[{"start":{"line":219,"column":8},"end":{"line":221,"column":9}},{"start":{},"end":{}}],"line":219},"16":{"loc":{"start":{"line":223,"column":13},"end":{"line":225,"column":7}},"type":"if","locations":[{"start":{"line":223,"column":13},"end":{"line":225,"column":7}},{"start":{},"end":{}}],"line":223},"17":{"loc":{"start":{"line":227,"column":6},"end":{"line":235,"column":7}},"type":"if","locations":[{"start":{"line":227,"column":6},"end":{"line":235,"column":7}},{"start":{},"end":{}}],"line":227},"18":{"loc":{"start":{"line":231,"column":8},"end":{"line":234,"column":9}},"type":"if","locations":[{"start":{"line":231,"column":8},"end":{"line":234,"column":9}},{"start":{},"end":{}}],"line":231},"19":{"loc":{"start":{"line":238,"column":6},"end":{"line":241,"column":7}},"type":"if","locations":[{"start":{"line":238,"column":6},"end":{"line":241,"column":7}},{"start":{},"end":{}}],"line":238},"20":{"loc":{"start":{"line":246,"column":4},"end":{"line":249,"column":5}},"type":"if","locations":[{"start":{"line":246,"column":4},"end":{"line":249,"column":5}},{"start":{},"end":{}}],"line":246},"21":{"loc":{"start":{"line":246,"column":8},"end":{"line":246,"column":71}},"type":"binary-expr","locations":[{"start":{"line":246,"column":8},"end":{"line":246,"column":28}},{"start":{"line":246,"column":32},"end":{"line":246,"column":71}}],"line":246},"22":{"loc":{"start":{"line":253,"column":4},"end":{"line":259,"column":5}},"type":"if","locations":[{"start":{"line":253,"column":4},"end":{"line":259,"column":5}},{"start":{},"end":{}}],"line":253},"23":{"loc":{"start":{"line":253,"column":8},"end":{"line":253,"column":71}},"type":"binary-expr","locations":[{"start":{"line":253,"column":8},"end":{"line":253,"column":28}},{"start":{"line":253,"column":32},"end":{"line":253,"column":71}}],"line":253},"24":{"loc":{"start":{"line":256,"column":6},"end":{"line":258,"column":7}},"type":"if","locations":[{"start":{"line":256,"column":6},"end":{"line":258,"column":7}},{"start":{},"end":{}}],"line":256},"25":{"loc":{"start":{"line":263,"column":4},"end":{"line":263,"column":35}},"type":"if","locations":[{"start":{"line":263,"column":4},"end":{"line":263,"column":35}},{"start":{},"end":{}}],"line":263},"26":{"loc":{"start":{"line":267,"column":4},"end":{"line":269,"column":5}},"type":"if","locations":[{"start":{"line":267,"column":4},"end":{"line":269,"column":5}},{"start":{},"end":{}}],"line":267},"27":{"loc":{"start":{"line":271,"column":4},"end":{"line":284,"column":5}},"type":"if","locations":[{"start":{"line":271,"column":4},"end":{"line":284,"column":5}},{"start":{},"end":{}}],"line":271},"28":{"loc":{"start":{"line":275,"column":6},"end":{"line":277,"column":7}},"type":"if","locations":[{"start":{"line":275,"column":6},"end":{"line":277,"column":7}},{"start":{},"end":{}}],"line":275},"29":{"loc":{"start":{"line":288,"column":4},"end":{"line":288,"column":35}},"type":"if","locations":[{"start":{"line":288,"column":4},"end":{"line":288,"column":35}},{"start":{},"end":{}}],"line":288},"30":{"loc":{"start":{"line":290,"column":4},"end":{"line":299,"column":5}},"type":"if","locations":[{"start":{"line":290,"column":4},"end":{"line":299,"column":5}},{"start":{"line":294,"column":11},"end":{"line":299,"column":5}}],"line":290},"31":{"loc":{"start":{"line":302,"column":2},"end":{"line":308,"column":3}},"type":"if","locations":[{"start":{"line":302,"column":2},"end":{"line":308,"column":3}},{"start":{},"end":{}}],"line":302},"32":{"loc":{"start":{"line":310,"column":2},"end":{"line":328,"column":3}},"type":"if","locations":[{"start":{"line":310,"column":2},"end":{"line":328,"column":3}},{"start":{},"end":{}}],"line":310},"33":{"loc":{"start":{"line":314,"column":11},"end":{"line":318,"column":32}},"type":"cond-expr","locations":[{"start":{"line":315,"column":14},"end":{"line":315,"column":64}},{"start":{"line":316,"column":14},"end":{"line":318,"column":32}}],"line":314},"34":{"loc":{"start":{"line":316,"column":14},"end":{"line":318,"column":32}},"type":"cond-expr","locations":[{"start":{"line":317,"column":16},"end":{"line":317,"column":45}},{"start":{"line":318,"column":16},"end":{"line":318,"column":32}}],"line":316},"35":{"loc":{"start":{"line":330,"column":2},"end":{"line":342,"column":3}},"type":"if","locations":[{"start":{"line":330,"column":2},"end":{"line":342,"column":3}},{"start":{},"end":{}}],"line":330},"36":{"loc":{"start":{"line":367,"column":7},"end":{"line":379,"column":7}},"type":"binary-expr","locations":[{"start":{"line":367,"column":7},"end":{"line":367,"column":30}},{"start":{"line":368,"column":8},"end":{"line":378,"column":15}}],"line":367},"37":{"loc":{"start":{"line":375,"column":15},"end":{"line":375,"column":77}},"type":"cond-expr","locations":[{"start":{"line":375,"column":61},"end":{"line":375,"column":67}},{"start":{"line":375,"column":70},"end":{"line":375,"column":77}}],"line":375}},"s":{"0":1,"1":20,"2":20,"3":20,"4":20,"5":20,"6":20,"7":20,"8":20,"9":20,"10":20,"11":20,"12":5,"13":5,"14":5,"15":5,"16":5,"17":5,"18":5,"19":5,"20":20,"21":5,"22":5,"23":5,"24":5,"25":0,"26":0,"27":5,"28":1,"29":1,"30":4,"31":0,"32":0,"33":0,"34":4,"35":0,"36":0,"37":5,"38":0,"39":0,"40":5,"41":4,"42":0,"43":4,"44":4,"45":4,"46":4,"47":5,"48":4,"49":4,"50":0,"51":4,"52":1,"53":0,"54":5,"55":5,"56":5,"57":5,"58":4,"59":4,"60":0,"61":0,"62":0,"63":0,"64":20,"65":13,"66":7,"67":7,"68":20,"69":0,"70":0,"71":0,"72":0,"73":0,"74":20,"75":3,"76":0,"77":3,"78":3,"79":3,"80":3,"81":3,"82":3,"83":3,"84":3,"85":3,"86":3,"87":20,"88":1,"89":0,"90":1,"91":0,"92":0,"93":0,"94":0,"95":1,"96":20,"97":5,"98":15,"99":1,"100":0,"101":14,"102":0,"103":0,"104":14,"105":14},"f":{"0":20,"1":5,"2":5,"3":5,"4":0,"5":1,"6":0,"7":0,"8":0,"9":0,"10":4,"11":0,"12":13,"13":0,"14":3,"15":3,"16":1,"17":0,"18":0,"19":0},"b":{"0":[0,5],"1":[5,0],"2":[1,4],"3":[0,4],"4":[0,0,0],"5":[0,4],"6":[4,4],"7":[0,5],"8":[5,0],"9":[4,1],"10":[5,4,4],"11":[4,4],"12":[4,0],"13":[4,1],"14":[5,4],"15":[4,0],"16":[0,1],"17":[5,0],"18":[4,1],"19":[0,0],"20":[7,6],"21":[13,7],"22":[0,0],"23":[0,0],"24":[0,0],"25":[0,3],"26":[3,0],"27":[3,0],"28":[3,0],"29":[0,1],"30":[0,1],"31":[5,15],"32":[1,14],"33":[1,0],"34":[0,0],"35":[0,14],"36":[14,6],"37":[0,6]},"_coverageSchema":"1a1c01bbd47fc00a2c39e90264f33305004495a9","hash":"8e980fdc545d68f59dc53d17a77a0800533b3eeb"}
,"/Users/fujitamotohiro/awsClf/src/screens/ResultScreen.tsx": {"path":"/Users/fujitamotohiro/awsClf/src/screens/ResultScreen.tsx","statementMap":{"0":{"start":{"line":16,"column":27},"end":{"line":16,"column":39}},"1":{"start":{"line":17,"column":21},"end":{"line":17,"column":54}},"2":{"start":{"line":19,"column":27},"end":{"line":27,"column":3}},"3":{"start":{"line":20,"column":4},"end":{"line":26,"column":5}},"4":{"start":{"line":21,"column":6},"end":{"line":21,"column":30}},"5":{"start":{"line":22,"column":11},"end":{"line":26,"column":5}},"6":{"start":{"line":23,"column":6},"end":{"line":23,"column":35}},"7":{"start":{"line":25,"column":6},"end":{"line":25,"column":35}},"8":{"start":{"line":29,"column":2},"end":{"line":60,"column":4}},"9":{"start":{"line":45,"column":25},"end":{"line":45,"column":52}},"10":{"start":{"line":53,"column":12},"end":{"line":53,"column":32}},"11":{"start":{"line":63,"column":15},"end":{"line":114,"column":2}}},"fnMap":{"0":{"name":"ResultScreen","decl":{"start":{"line":15,"column":24},"end":{"line":15,"column":36}},"loc":{"start":{"line":15,"column":67},"end":{"line":61,"column":1}},"line":15},"1":{"name":"(anonymous_1)","decl":{"start":{"line":19,"column":27},"end":{"line":19,"column":28}},"loc":{"start":{"line":19,"column":33},"end":{"line":27,"column":3}},"line":19},"2":{"name":"(anonymous_2)","decl":{"start":{"line":45,"column":19},"end":{"line":45,"column":20}},"loc":{"start":{"line":45,"column":25},"end":{"line":45,"column":52}},"line":45},"3":{"name":"(anonymous_3)","decl":{"start":{"line":52,"column":19},"end":{"line":52,"column":20}},"loc":{"start":{"line":52,"column":25},"end":{"line":54,"column":11}},"line":52}},"branchMap":{"0":{"loc":{"start":{"line":20,"column":4},"end":{"line":26,"column":5}},"type":"if","locations":[{"start":{"line":20,"column":4},"end":{"line":26,"column":5}},{"start":{"line":22,"column":11},"end":{"line":26,"column":5}}],"line":20},"1":{"loc":{"start":{"line":22,"column":11},"end":{"line":26,"column":5}},"type":"if","locations":[{"start":{"line":22,"column":11},"end":{"line":26,"column":5}},{"start":{"line":24,"column":11},"end":{"line":26,"column":5}}],"line":22}},"s":{"0":0,"1":0,"2":0,"3":0,"4":0,"5":0,"6":0,"7":0,"8":0,"9":0,"10":0,"11":0},"f":{"0":0,"1":0,"2":0,"3":0},"b":{"0":[0,0],"1":[0,0]}}
,"/Users/fujitamotohiro/awsClf/src/screens/SettingsScreen.tsx": {"path":"/Users/fujitamotohiro/awsClf/src/screens/SettingsScreen.tsx","statementMap":{"0":{"start":{"line":15,"column":6},"end":{"line":15,"column":21}},"1":{"start":{"line":17,"column":21},"end":{"line":17,"column":77}},"2":{"start":{"line":19,"column":34},"end":{"line":21,"column":3}},"3":{"start":{"line":20,"column":4},"end":{"line":20,"column":89}},"4":{"start":{"line":23,"column":30},"end":{"line":25,"column":3}},"5":{"start":{"line":24,"column":4},"end":{"line":24,"column":65}},"6":{"start":{"line":27,"column":30},"end":{"line":43,"column":3}},"7":{"start":{"line":28,"column":4},"end":{"line":42,"column":6}},"8":{"start":{"line":39,"column":25},"end":{"line":39,"column":40}},"9":{"start":{"line":45,"column":30},"end":{"line":60,"column":3}},"10":{"start":{"line":46,"column":4},"end":{"line":59,"column":6}},"11":{"start":{"line":56,"column":25},"end":{"line":56,"column":40}},"12":{"start":{"line":62,"column":29},"end":{"line":64,"column":3}},"13":{"start":{"line":63,"column":4},"end":{"line":63,"column":35}},"14":{"start":{"line":66,"column":2},"end":{"line":72,"column":3}},"15":{"start":{"line":67,"column":4},"end":{"line":71,"column":6}},"16":{"start":{"line":74,"column":2},"end":{"line":140,"column":4}},"17":{"start":{"line":134,"column":25},"end":{"line":134,"column":55}},"18":{"start":{"line":143,"column":15},"end":{"line":212,"column":2}}},"fnMap":{"0":{"name":"SettingsScreen","decl":{"start":{"line":8,"column":24},"end":{"line":8,"column":38}},"loc":{"start":{"line":8,"column":41},"end":{"line":141,"column":1}},"line":8},"1":{"name":"(anonymous_1)","decl":{"start":{"line":19,"column":34},"end":{"line":19,"column":35}},"loc":{"start":{"line":19,"column":40},"end":{"line":21,"column":3}},"line":19},"2":{"name":"(anonymous_2)","decl":{"start":{"line":23,"column":30},"end":{"line":23,"column":31}},"loc":{"start":{"line":23,"column":36},"end":{"line":25,"column":3}},"line":23},"3":{"name":"(anonymous_3)","decl":{"start":{"line":27,"column":30},"end":{"line":27,"column":31}},"loc":{"start":{"line":27,"column":36},"end":{"line":43,"column":3}},"line":27},"4":{"name":"(anonymous_4)","decl":{"start":{"line":39,"column":19},"end":{"line":39,"column":20}},"loc":{"start":{"line":39,"column":25},"end":{"line":39,"column":40}},"line":39},"5":{"name":"(anonymous_5)","decl":{"start":{"line":45,"column":30},"end":{"line":45,"column":31}},"loc":{"start":{"line":45,"column":36},"end":{"line":60,"column":3}},"line":45},"6":{"name":"(anonymous_6)","decl":{"start":{"line":56,"column":19},"end":{"line":56,"column":20}},"loc":{"start":{"line":56,"column":25},"end":{"line":56,"column":40}},"line":56},"7":{"name":"(anonymous_7)","decl":{"start":{"line":62,"column":29},"end":{"line":62,"column":30}},"loc":{"start":{"line":62,"column":35},"end":{"line":64,"column":3}},"line":62},"8":{"name":"(anonymous_8)","decl":{"start":{"line":134,"column":19},"end":{"line":134,"column":20}},"loc":{"start":{"line":134,"column":25},"end":{"line":134,"column":55}},"line":134}},"branchMap":{"0":{"loc":{"start":{"line":66,"column":2},"end":{"line":72,"column":3}},"type":"if","locations":[{"start":{"line":66,"column":2},"end":{"line":72,"column":3}},{"start":{},"end":{}}],"line":66},"1":{"loc":{"start":{"line":90,"column":24},"end":{"line":90,"column":83}},"type":"cond-expr","locations":[{"start":{"line":90,"column":62},"end":{"line":90,"column":71}},{"start":{"line":90,"column":74},"end":{"line":90,"column":83}}],"line":90},"2":{"loc":{"start":{"line":105,"column":24},"end":{"line":105,"column":71}},"type":"cond-expr","locations":[{"start":{"line":105,"column":50},"end":{"line":105,"column":59}},{"start":{"line":105,"column":62},"end":{"line":105,"column":71}}],"line":105}},"s":{"0":0,"1":0,"2":0,"3":0,"4":0,"5":0,"6":0,"7":0,"8":0,"9":0,"10":0,"11":0,"12":0,"13":0,"14":0,"15":0,"16":0,"17":0,"18":1},"f":{"0":0,"1":0,"2":0,"3":0,"4":0,"5":0,"6":0,"7":0,"8":0},"b":{"0":[0,0],"1":[0,0],"2":[0,0]},"_coverageSchema":"1a1c01bbd47fc00a2c39e90264f33305004495a9","hash":"9334cd02065351163739f6617520a80d21417c5a"}
,"/Users/fujitamotohiro/awsClf/src/screens/StatisticsScreen.tsx": {"path":"/Users/fujitamotohiro/awsClf/src/screens/StatisticsScreen.tsx","statementMap":{"0":{"start":{"line":7,"column":55},"end":{"line":7,"column":70}},"1":{"start":{"line":8,"column":40},"end":{"line":13,"column":10}},"2":{"start":{"line":15,"column":2},"end":{"line":34,"column":32}},"3":{"start":{"line":16,"column":4},"end":{"line":33,"column":5}},"4":{"start":{"line":17,"column":20},"end":{"line":30,"column":10}},"5":{"start":{"line":18,"column":40},"end":{"line":18,"column":58}},"6":{"start":{"line":20,"column":29},"end":{"line":22,"column":15}},"7":{"start":{"line":24,"column":10},"end":{"line":29,"column":12}},"8":{"start":{"line":32,"column":6},"end":{"line":32,"column":28}},"9":{"start":{"line":36,"column":2},"end":{"line":42,"column":3}},"10":{"start":{"line":37,"column":4},"end":{"line":41,"column":6}},"11":{"start":{"line":44,"column":24},"end":{"line":44,"column":59}},"12":{"start":{"line":45,"column":23},"end":{"line":45,"column":55}},"13":{"start":{"line":46,"column":28},"end":{"line":48,"column":7}},"14":{"start":{"line":50,"column":20},"end":{"line":50,"column":54}},"15":{"start":{"line":51,"column":25},"end":{"line":53,"column":10}},"16":{"start":{"line":55,"column":2},"end":{"line":154,"column":4}},"17":{"start":{"line":81,"column":10},"end":{"line":101,"column":17}},"18":{"start":{"line":84,"column":64},"end":{"line":84,"column":85}},"19":{"start":{"line":114,"column":12},"end":{"line":135,"column":19}},"20":{"start":{"line":130,"column":18},"end":{"line":132,"column":25}},"21":{"start":{"line":157,"column":15},"end":{"line":299,"column":2}}},"fnMap":{"0":{"name":"StatisticsScreen","decl":{"start":{"line":6,"column":24},"end":{"line":6,"column":40}},"loc":{"start":{"line":6,"column":43},"end":{"line":155,"column":1}},"line":6},"1":{"name":"(anonymous_1)","decl":{"start":{"line":15,"column":12},"end":{"line":15,"column":13}},"loc":{"start":{"line":15,"column":18},"end":{"line":34,"column":3}},"line":15},"2":{"name":"(anonymous_2)","decl":{"start":{"line":18,"column":16},"end":{"line":18,"column":17}},"loc":{"start":{"line":18,"column":40},"end":{"line":18,"column":58}},"line":18},"3":{"name":"(anonymous_3)","decl":{"start":{"line":19,"column":13},"end":{"line":19,"column":14}},"loc":{"start":{"line":19,"column":37},"end":{"line":30,"column":9}},"line":19},"4":{"name":"(anonymous_4)","decl":{"start":{"line":80,"column":25},"end":{"line":80,"column":26}},"loc":{"start":{"line":81,"column":10},"end":{"line":101,"column":17}},"line":81},"5":{"name":"(anonymous_5)","decl":{"start":{"line":84,"column":48},"end":{"line":84,"column":49}},"loc":{"start":{"line":84,"column":64},"end":{"line":84,"column":85}},"line":84},"6":{"name":"(anonymous_6)","decl":{"start":{"line":113,"column":24},"end":{"line":113,"column":25}},"loc":{"start":{"line":114,"column":12},"end":{"line":135,"column":19}},"line":114},"7":{"name":"(anonymous_7)","decl":{"start":{"line":129,"column":55},"end":{"line":129,"column":56}},"loc":{"start":{"line":130,"column":18},"end":{"line":132,"column":25}},"line":130}},"branchMap":{"0":{"loc":{"start":{"line":16,"column":4},"end":{"line":33,"column":5}},"type":"if","locations":[{"start":{"line":16,"column":4},"end":{"line":33,"column":5}},{"start":{},"end":{}}],"line":16},"1":{"loc":{"start":{"line":20,"column":29},"end":{"line":22,"column":15}},"type":"cond-expr","locations":[{"start":{"line":21,"column":14},"end":{"line":21,"column":67}},{"start":{"line":22,"column":14},"end":{"line":22,"column":15}}],"line":20},"2":{"loc":{"start":{"line":36,"column":2},"end":{"line":42,"column":3}},"type":"if","locations":[{"start":{"line":36,"column":2},"end":{"line":42,"column":3}},{"start":{},"end":{}}],"line":36},"3":{"loc":{"start":{"line":46,"column":28},"end":{"line":48,"column":7}},"type":"cond-expr","locations":[{"start":{"line":47,"column":6},"end":{"line":47,"column":54}},{"start":{"line":48,"column":6},"end":{"line":48,"column":7}}],"line":46},"4":{"loc":{"start":{"line":50,"column":20},"end":{"line":50,"column":54}},"type":"binary-expr","locations":[{"start":{"line":50,"column":20},"end":{"line":50,"column":48}},{"start":{"line":50,"column":52},"end":{"line":50,"column":54}}],"line":50},"5":{"loc":{"start":{"line":51,"column":25},"end":{"line":53,"column":10}},"type":"cond-expr","locations":[{"start":{"line":52,"column":6},"end":{"line":52,"column":37}},{"start":{"line":53,"column":6},"end":{"line":53,"column":10}}],"line":51},"6":{"loc":{"start":{"line":72,"column":13},"end":{"line":72,"column":133}},"type":"cond-expr","locations":[{"start":{"line":72,"column":42},"end":{"line":72,"column":118}},{"start":{"line":72,"column":121},"end":{"line":72,"column":133}}],"line":72},"7":{"loc":{"start":{"line":84,"column":17},"end":{"line":84,"column":106}},"type":"binary-expr","locations":[{"start":{"line":84,"column":17},"end":{"line":84,"column":91}},{"start":{"line":84,"column":95},"end":{"line":84,"column":106}}],"line":84},"8":{"loc":{"start":{"line":108,"column":9},"end":{"line":137,"column":9}},"type":"cond-expr","locations":[{"start":{"line":109,"column":10},"end":{"line":111,"column":17}},{"start":{"line":113,"column":10},"end":{"line":136,"column":12}}],"line":108},"9":{"loc":{"start":{"line":139,"column":9},"end":{"line":151,"column":9}},"type":"binary-expr","locations":[{"start":{"line":139,"column":9},"end":{"line":139,"column":23}},{"start":{"line":140,"column":10},"end":{"line":150,"column":17}}],"line":139},"10":{"loc":{"start":{"line":146,"column":15},"end":{"line":148,"column":32}},"type":"cond-expr","locations":[{"start":{"line":147,"column":18},"end":{"line":147,"column":33}},{"start":{"line":148,"column":18},"end":{"line":148,"column":32}}],"line":146}},"s":{"0":0,"1":0,"2":0,"3":0,"4":0,"5":0,"6":0,"7":0,"8":0,"9":0,"10":0,"11":0,"12":0,"13":0,"14":0,"15":0,"16":0,"17":0,"18":0,"19":0,"20":0,"21":1},"f":{"0":0,"1":0,"2":0,"3":0,"4":0,"5":0,"6":0,"7":0},"b":{"0":[0,0],"1":[0,0],"2":[0,0],"3":[0,0],"4":[0,0],"5":[0,0],"6":[0,0],"7":[0,0],"8":[0,0],"9":[0,0],"10":[0,0]},"_coverageSchema":"1a1c01bbd47fc00a2c39e90264f33305004495a9","hash":"8e1f433e46e9de1a077feaba51df05fd88990e25"}
,"/Users/fujitamotohiro/awsClf/src/types/index.ts": {"path":"/Users/fujitamotohiro/awsClf/src/types/index.ts","statementMap":{"0":{"start":{"line":12,"column":49},"end":{"line":17,"column":1}},"1":{"start":{"line":68,"column":28},"end":{"line":73,"column":1}}},"fnMap":{},"branchMap":{},"s":{"0":2,"1":2},"f":{},"b":{},"_coverageSchema":"1a1c01bbd47fc00a2c39e90264f33305004495a9","hash":"f605c6fff4f927ec679afe1725d86a0e7627c391"}
}
