TN:
SF:App.tsx
FN:5,App
FNF:1
FNH:0
FNDA:0,App
DA:6,0
LF:1
LH:0
BRF:0
BRH:0
end_of_record
TN:
SF:index.ts
FNF:0
FNH:0
DA:8,0
LF:1
LH:0
BRF:0
BRH:0
end_of_record
TN:
SF:src/components/QuestionCard.tsx
FN:15,QuestionCard
FN:42,(anonymous_1)
FN:55,(anonymous_2)
FNF:3
FNH:3
FNDA:12,QuestionCard
FNDA:48,(anonymous_1)
FNDA:4,(anonymous_2)
DA:23,12
DA:43,48
DA:55,4
DA:73,2
LF:4
LH:4
BRDA:33,0,0,0
BRDA:33,0,1,12
BRDA:35,1,0,0
BRDA:35,1,1,12
BRDA:47,2,0,48
BRDA:47,2,1,4
BRDA:48,3,0,4
BRDA:48,3,1,0
BRDA:51,4,0,48
BRDA:51,4,1,16
BRDA:51,4,2,4
BRDA:63,5,0,12
BRDA:63,5,1,4
BRF:13
BRH:10
end_of_record
TN:
SF:src/context/AppContext.tsx
FN:53,(anonymous_0)
FN:56,(anonymous_1)
FN:57,(anonymous_2)
FN:66,(anonymous_3)
FN:75,(anonymous_4)
FN:97,(anonymous_5)
FN:104,(anonymous_6)
FN:105,(anonymous_7)
FN:142,(anonymous_8)
FN:152,(anonymous_9)
FN:173,(anonymous_10)
FN:182,(anonymous_11)
FN:221,(anonymous_12)
FN:231,(anonymous_13)
FN:236,(anonymous_14)
FN:248,(anonymous_15)
FN:257,(anonymous_16)
FN:262,(anonymous_17)
FN:271,(anonymous_18)
FN:276,(anonymous_19)
FN:286,(anonymous_20)
FN:290,(anonymous_21)
FN:299,(anonymous_22)
FN:305,(anonymous_23)
FN:313,(anonymous_24)
FN:340,(anonymous_25)
FNF:26
FNH:0
FNDA:0,(anonymous_0)
FNDA:0,(anonymous_1)
FNDA:0,(anonymous_2)
FNDA:0,(anonymous_3)
FNDA:0,(anonymous_4)
FNDA:0,(anonymous_5)
FNDA:0,(anonymous_6)
FNDA:0,(anonymous_7)
FNDA:0,(anonymous_8)
FNDA:0,(anonymous_9)
FNDA:0,(anonymous_10)
FNDA:0,(anonymous_11)
FNDA:0,(anonymous_12)
FNDA:0,(anonymous_13)
FNDA:0,(anonymous_14)
FNDA:0,(anonymous_15)
FNDA:0,(anonymous_16)
FNDA:0,(anonymous_17)
FNDA:0,(anonymous_18)
FNDA:0,(anonymous_19)
FNDA:0,(anonymous_20)
FNDA:0,(anonymous_21)
FNDA:0,(anonymous_22)
FNDA:0,(anonymous_23)
FNDA:0,(anonymous_24)
FNDA:0,(anonymous_25)
DA:15,0
DA:20,0
DA:34,0
DA:51,0
DA:53,0
DA:54,0
DA:56,0
DA:57,0
DA:58,0
DA:59,0
DA:60,0
DA:62,0
DA:63,0
DA:65,0
DA:66,0
DA:67,0
DA:70,0
DA:75,0
DA:86,0
DA:87,0
DA:89,0
DA:96,0
DA:97,0
DA:101,0
DA:104,0
DA:105,0
DA:106,0
DA:108,0
DA:109,0
DA:111,0
DA:112,0
DA:114,0
DA:115,0
DA:116,0
DA:118,0
DA:119,0
DA:121,0
DA:122,0
DA:124,0
DA:125,0
DA:126,0
DA:127,0
DA:128,0
DA:129,0
DA:133,0
DA:134,0
DA:140,0
DA:142,0
DA:149,0
DA:152,0
DA:153,0
DA:154,0
DA:156,0
DA:157,0
DA:162,0
DA:171,0
DA:173,0
DA:178,0
DA:182,0
DA:183,0
DA:184,0
DA:185,0
DA:187,0
DA:188,0
DA:195,0
DA:204,0
DA:205,0
DA:207,0
DA:208,0
DA:211,0
DA:212,0
DA:213,0
DA:214,0
DA:218,0
DA:219,0
DA:221,0
DA:227,0
DA:231,0
DA:232,0
DA:233,0
DA:234,0
DA:236,0
DA:237,0
DA:238,0
DA:239,0
DA:243,0
DA:244,0
DA:246,0
DA:248,0
DA:253,0
DA:257,0
DA:258,0
DA:259,0
DA:260,0
DA:262,0
DA:267,0
DA:271,0
DA:272,0
DA:273,0
DA:274,0
DA:276,0
DA:282,0
DA:286,0
DA:287,0
DA:288,0
DA:290,0
DA:295,0
DA:299,0
DA:300,0
DA:301,0
DA:303,0
DA:305,0
DA:306,0
DA:307,0
DA:311,0
DA:313,0
DA:318,0
DA:322,0
DA:333,0
DA:340,0
DA:341,0
DA:342,0
DA:343,0
DA:345,0
LF:124
LH:0
BRDA:60,0,0,0
BRDA:60,0,1,0
BRDA:63,1,0,0
BRDA:63,1,1,0
BRDA:67,2,0,0
BRDA:67,2,1,0
BRDA:78,3,0,0
BRDA:78,3,1,0
BRDA:87,4,0,0
BRDA:87,4,1,0
BRDA:106,5,0,0
BRDA:106,5,1,0
BRDA:114,6,0,0
BRDA:114,6,1,0
BRDA:124,7,0,0
BRDA:124,7,1,0
BRDA:127,8,0,0
BRDA:127,8,1,0
BRDA:133,9,0,0
BRDA:133,9,1,0
BRDA:133,10,0,0
BRDA:133,10,1,0
BRDA:156,11,0,0
BRDA:156,11,1,0
BRDA:187,12,0,0
BRDA:187,12,1,0
BRDA:191,13,0,0
BRDA:191,13,1,0
BRDA:198,14,0,0
BRDA:198,14,1,0
BRDA:207,15,0,0
BRDA:207,15,1,0
BRDA:211,16,0,0
BRDA:211,16,1,0
BRDA:211,17,0,0
BRDA:211,17,1,0
BRDA:213,18,0,0
BRDA:213,18,1,0
BRDA:237,19,0,0
BRDA:237,19,1,0
BRDA:301,20,0,0
BRDA:301,20,1,0
BRDA:306,21,0,0
BRDA:306,21,1,0
BRDA:342,22,0,0
BRDA:342,22,1,0
BRF:46
BRH:0
end_of_record
TN:
SF:src/navigation/index.tsx
FN:22,(anonymous_0)
FN:54,(anonymous_1)
FN:66,(anonymous_2)
FN:88,(anonymous_3)
FN:105,Navigation
FN:109,(anonymous_5)
FN:110,(anonymous_6)
FNF:7
FNH:3
FNDA:5,(anonymous_0)
FNDA:0,(anonymous_1)
FNDA:0,(anonymous_2)
FNDA:0,(anonymous_3)
FNDA:5,Navigation
FNDA:16,(anonymous_5)
FNDA:0,(anonymous_6)
DA:19,1
DA:20,1
DA:22,1
DA:23,5
DA:54,1
DA:55,0
DA:66,1
DA:67,0
DA:88,1
DA:89,0
DA:106,5
DA:109,16
DA:111,0
DA:113,0
DA:114,0
DA:115,0
DA:116,0
DA:117,0
DA:118,0
DA:119,0
DA:120,0
DA:123,0
LF:22
LH:9
BRDA:113,0,0,0
BRDA:113,0,1,0
BRDA:114,1,0,0
BRDA:114,1,1,0
BRDA:115,2,0,0
BRDA:115,2,1,0
BRDA:116,3,0,0
BRDA:116,3,1,0
BRDA:117,4,0,0
BRDA:117,4,1,0
BRDA:118,5,0,0
BRDA:118,5,1,0
BRDA:119,6,0,0
BRDA:119,6,1,0
BRDA:120,7,0,0
BRDA:120,7,1,0
BRF:16
BRH:0
end_of_record
TN:
SF:src/screens/BookmarksScreen.tsx
FN:12,BookmarksScreen
FN:17,(anonymous_1)
FN:19,(anonymous_2)
FN:28,(anonymous_3)
FN:60,(anonymous_4)
FN:61,(anonymous_5)
FN:64,(anonymous_6)
FNF:7
FNH:0
FNDA:0,BookmarksScreen
FNDA:0,(anonymous_1)
FNDA:0,(anonymous_2)
FNDA:0,(anonymous_3)
FNDA:0,(anonymous_4)
FNDA:0,(anonymous_5)
FNDA:0,(anonymous_6)
DA:13,0
DA:14,0
DA:15,0
DA:17,0
DA:18,0
DA:19,0
DA:20,0
DA:21,0
DA:24,0
DA:28,0
DA:29,0
DA:30,0
DA:34,0
DA:35,0
DA:42,0
DA:60,0
DA:62,0
DA:64,0
DA:98,1
LF:19
LH:1
BRDA:18,0,0,0
BRDA:18,0,1,0
BRDA:21,1,0,0
BRDA:21,1,1,0
BRDA:29,2,0,0
BRDA:29,2,1,0
BRDA:34,3,0,0
BRDA:34,3,1,0
BRDA:49,4,0,0
BRDA:49,4,1,0
BRDA:75,5,0,0
BRDA:75,5,1,0
BRDA:76,6,0,0
BRDA:76,6,1,0
BRF:14
BRH:0
end_of_record
TN:
SF:src/screens/ContactScreen.tsx
FN:4,ContactScreen
FN:7,(anonymous_1)
FN:14,(anonymous_2)
FNF:3
FNH:0
FNDA:0,ContactScreen
FNDA:0,(anonymous_1)
FNDA:0,(anonymous_2)
DA:5,0
DA:7,0
DA:8,0
DA:9,0
DA:10,0
DA:13,0
DA:14,0
DA:15,0
DA:19,0
DA:36,1
LF:10
LH:1
BRDA:8,0,0,0
BRDA:8,0,1,0
BRF:2
BRH:0
end_of_record
TN:
SF:src/screens/HomeScreen.tsx
FN:20,HomeScreen
FN:60,(anonymous_1)
FN:66,(anonymous_2)
FN:70,(anonymous_3)
FN:81,(anonymous_4)
FN:88,(anonymous_5)
FN:97,(anonymous_6)
FN:104,(anonymous_7)
FNF:8
FNH:0
FNDA:0,HomeScreen
FNDA:0,(anonymous_1)
FNDA:0,(anonymous_2)
FNDA:0,(anonymous_3)
FNDA:0,(anonymous_4)
FNDA:0,(anonymous_5)
FNDA:0,(anonymous_6)
FNDA:0,(anonymous_7)
DA:13,0
DA:21,0
DA:23,0
DA:24,0
DA:25,0
DA:29,0
DA:60,0
DA:67,0
DA:70,0
DA:81,0
DA:88,0
DA:97,0
DA:104,0
DA:113,0
LF:14
LH:0
BRDA:23,0,0,0
BRDA:23,0,1,0
BRDA:24,1,0,0
BRDA:24,1,1,0
BRDA:25,2,0,0
BRDA:25,2,1,0
BRDA:35,3,0,0
BRDA:35,3,1,0
BRDA:48,4,0,0
BRDA:48,4,1,0
BRF:10
BRH:0
end_of_record
TN:
SF:src/screens/MockExamResultScreen.tsx
FN:16,MockExamResultScreen
FN:24,(anonymous_1)
FN:25,(anonymous_2)
FN:48,(anonymous_3)
FN:59,(anonymous_4)
FN:109,(anonymous_5)
FN:149,(anonymous_6)
FN:150,(anonymous_7)
FN:159,(anonymous_8)
FN:166,(anonymous_9)
FNF:10
FNH:0
FNDA:0,MockExamResultScreen
FNDA:0,(anonymous_1)
FNDA:0,(anonymous_2)
FNDA:0,(anonymous_3)
FNDA:0,(anonymous_4)
FNDA:0,(anonymous_5)
FNDA:0,(anonymous_6)
FNDA:0,(anonymous_7)
FNDA:0,(anonymous_8)
FNDA:0,(anonymous_9)
DA:17,0
DA:18,0
DA:19,0
DA:21,0
DA:22,0
DA:24,0
DA:25,0
DA:27,0
DA:28,0
DA:31,0
DA:34,0
DA:35,0
DA:42,0
DA:43,0
DA:48,0
DA:56,0
DA:57,0
DA:59,0
DA:60,0
DA:61,0
DA:62,0
DA:65,0
DA:110,0
DA:112,0
DA:149,0
DA:150,0
DA:159,0
DA:166,0
DA:175,1
LF:29
LH:1
BRDA:27,0,0,0
BRDA:27,0,1,0
BRDA:34,1,0,0
BRDA:34,1,1,0
BRDA:42,2,0,0
BRDA:42,2,1,0
BRDA:71,3,0,0
BRDA:71,3,1,0
BRDA:80,4,0,0
BRDA:80,4,1,0
BRDA:82,5,0,0
BRDA:82,5,1,0
BRDA:124,6,0,0
BRDA:124,6,1,0
BRDA:140,7,0,0
BRDA:140,7,1,0
BRDA:145,8,0,0
BRDA:145,8,1,0
BRF:18
BRH:0
end_of_record
TN:
SF:src/screens/MockExamScreen.tsx
FN:12,MockExamScreen
FN:26,(anonymous_1)
FN:29,(anonymous_2)
FN:37,(anonymous_3)
FN:39,(anonymous_4)
FN:40,(anonymous_5)
FN:53,(anonymous_6)
FN:60,(anonymous_7)
FN:66,(anonymous_8)
FN:70,(anonymous_9)
FN:76,(anonymous_10)
FN:82,(anonymous_11)
FN:88,(anonymous_12)
FN:98,(anonymous_13)
FN:128,(anonymous_14)
FN:129,(anonymous_15)
FN:186,(anonymous_16)
FN:207,(anonymous_17)
FN:214,(anonymous_18)
FNF:19
FNH:0
FNDA:0,MockExamScreen
FNDA:0,(anonymous_1)
FNDA:0,(anonymous_2)
FNDA:0,(anonymous_3)
FNDA:0,(anonymous_4)
FNDA:0,(anonymous_5)
FNDA:0,(anonymous_6)
FNDA:0,(anonymous_7)
FNDA:0,(anonymous_8)
FNDA:0,(anonymous_9)
FNDA:0,(anonymous_10)
FNDA:0,(anonymous_11)
FNDA:0,(anonymous_12)
FNDA:0,(anonymous_13)
FNDA:0,(anonymous_14)
FNDA:0,(anonymous_15)
FNDA:0,(anonymous_16)
FNDA:0,(anonymous_17)
FNDA:0,(anonymous_18)
DA:13,0
DA:14,0
DA:16,0
DA:17,0
DA:18,0
DA:19,0
DA:20,0
DA:21,0
DA:23,0
DA:24,0
DA:26,0
DA:27,0
DA:29,0
DA:31,0
DA:33,0
DA:34,0
DA:37,0
DA:38,0
DA:39,0
DA:40,0
DA:41,0
DA:42,0
DA:43,0
DA:44,0
DA:46,0
DA:50,0
DA:53,0
DA:54,0
DA:55,0
DA:60,0
DA:61,0
DA:62,0
DA:63,0
DA:66,0
DA:67,0
DA:70,0
DA:71,0
DA:72,0
DA:73,0
DA:76,0
DA:77,0
DA:78,0
DA:82,0
DA:83,0
DA:84,0
DA:88,0
DA:89,0
DA:91,0
DA:92,0
DA:95,0
DA:96,0
DA:98,0
DA:99,0
DA:100,0
DA:103,0
DA:105,0
DA:106,0
DA:107,0
DA:111,0
DA:113,0
DA:114,0
DA:123,0
DA:125,0
DA:128,0
DA:129,0
DA:131,0
DA:132,0
DA:147,0
DA:151,0
DA:152,0
DA:176,0
DA:177,0
DA:184,0
DA:185,0
DA:186,0
DA:188,0
DA:208,0
DA:214,0
DA:252,1
LF:79
LH:1
BRDA:38,0,0,0
BRDA:38,0,1,0
BRDA:38,1,0,0
BRDA:38,1,1,0
BRDA:41,2,0,0
BRDA:41,2,1,0
BRDA:54,3,0,0
BRDA:54,3,1,0
BRDA:63,4,0,0
BRDA:63,4,1,0
BRDA:77,5,0,0
BRDA:77,5,1,0
BRDA:83,6,0,0
BRDA:83,6,1,0
BRDA:91,7,0,0
BRDA:91,7,1,0
BRDA:99,8,0,0
BRDA:99,8,1,0
BRDA:105,9,0,0
BRDA:105,9,1,0
BRDA:131,10,0,0
BRDA:131,10,1,0
BRDA:151,11,0,0
BRDA:151,11,1,0
BRDA:176,12,0,0
BRDA:176,12,1,0
BRDA:212,13,0,0
BRDA:212,13,1,0
BRDA:225,14,0,0
BRDA:225,14,1,0
BRDA:232,15,0,0
BRDA:232,15,1,0
BRF:32
BRH:0
end_of_record
TN:
SF:src/screens/QuizScreen.tsx
FN:143,QuizScreen
FN:163,(anonymous_1)
FN:173,(anonymous_2)
FN:179,(anonymous_3)
FN:187,(anonymous_4)
FN:190,(anonymous_5)
FN:194,(anonymous_6)
FN:201,(anonymous_7)
FN:206,(anonymous_8)
FN:210,(anonymous_9)
FN:211,(anonymous_10)
FN:220,(anonymous_11)
FN:245,(anonymous_12)
FN:252,(anonymous_13)
FN:262,(anonymous_14)
FN:276,(anonymous_15)
FN:287,(anonymous_16)
FN:291,(anonymous_17)
FN:322,(anonymous_18)
FN:336,(anonymous_19)
FNF:20
FNH:10
FNDA:20,QuizScreen
FNDA:5,(anonymous_1)
FNDA:5,(anonymous_2)
FNDA:5,(anonymous_3)
FNDA:0,(anonymous_4)
FNDA:1,(anonymous_5)
FNDA:0,(anonymous_6)
FNDA:0,(anonymous_7)
FNDA:0,(anonymous_8)
FNDA:0,(anonymous_9)
FNDA:4,(anonymous_10)
FNDA:0,(anonymous_11)
FNDA:13,(anonymous_12)
FNDA:0,(anonymous_13)
FNDA:3,(anonymous_14)
FNDA:3,(anonymous_15)
FNDA:1,(anonymous_16)
FNDA:0,(anonymous_17)
FNDA:0,(anonymous_18)
FNDA:0,(anonymous_19)
DA:20,1
DA:144,20
DA:150,20
DA:152,20
DA:154,20
DA:155,20
DA:156,20
DA:157,20
DA:158,20
DA:159,20
DA:160,20
DA:162,20
DA:164,5
DA:166,5
DA:167,5
DA:168,5
DA:169,5
DA:171,5
DA:173,5
DA:174,5
DA:179,20
DA:180,5
DA:182,5
DA:183,5
DA:185,5
DA:186,0
DA:187,0
DA:189,5
DA:190,1
DA:191,1
DA:193,4
DA:194,0
DA:195,0
DA:196,0
DA:200,4
DA:201,0
DA:205,5
DA:206,0
DA:209,5
DA:210,4
DA:211,4
DA:212,4
DA:213,4
DA:217,5
DA:219,4
DA:220,4
DA:222,4
DA:223,1
DA:224,0
DA:227,5
DA:228,5
DA:229,5
DA:231,5
DA:232,4
DA:233,4
DA:237,0
DA:238,0
DA:239,0
DA:240,0
DA:245,20
DA:246,13
DA:247,7
DA:248,7
DA:252,20
DA:253,0
DA:254,0
DA:255,0
DA:256,0
DA:257,0
DA:262,20
DA:263,3
DA:265,3
DA:267,3
DA:268,3
DA:271,3
DA:272,3
DA:273,3
DA:275,3
DA:276,3
DA:279,3
DA:287,20
DA:288,1
DA:290,1
DA:291,0
DA:292,0
DA:293,0
DA:295,1
DA:302,20
DA:303,5
DA:310,15
DA:311,1
DA:322,0
DA:330,14
DA:331,0
DA:336,0
DA:344,14
DA:346,14
LF:97
LH:74
BRDA:185,0,0,0
BRDA:185,0,1,5
BRDA:185,1,0,5
BRDA:185,1,1,0
BRDA:189,2,0,1
BRDA:189,2,1,4
BRDA:193,3,0,0
BRDA:193,3,1,4
BRDA:197,4,0,0
BRDA:197,4,1,0
BRDA:197,4,2,0
BRDA:200,5,0,0
BRDA:200,5,1,4
BRDA:200,6,0,4
BRDA:200,6,1,4
BRDA:205,7,0,0
BRDA:205,7,1,5
BRDA:205,8,0,5
BRDA:205,8,1,0
BRDA:209,9,0,4
BRDA:209,9,1,1
BRDA:209,10,0,5
BRDA:209,10,1,4
BRDA:209,10,2,4
BRDA:209,11,0,4
BRDA:209,11,1,4
BRDA:212,12,0,4
BRDA:212,12,1,0
BRDA:217,13,0,4
BRDA:217,13,1,1
BRDA:217,14,0,5
BRDA:217,14,1,4
BRDA:219,15,0,4
BRDA:219,15,1,0
BRDA:223,16,0,0
BRDA:223,16,1,1
BRDA:227,17,0,5
BRDA:227,17,1,0
BRDA:231,18,0,4
BRDA:231,18,1,1
BRDA:238,19,0,0
BRDA:238,19,1,0
BRDA:246,20,0,7
BRDA:246,20,1,6
BRDA:246,21,0,13
BRDA:246,21,1,7
BRDA:253,22,0,0
BRDA:253,22,1,0
BRDA:253,23,0,0
BRDA:253,23,1,0
BRDA:256,24,0,0
BRDA:256,24,1,0
BRDA:263,25,0,0
BRDA:263,25,1,3
BRDA:267,26,0,3
BRDA:267,26,1,0
BRDA:271,27,0,3
BRDA:271,27,1,0
BRDA:275,28,0,3
BRDA:275,28,1,0
BRDA:288,29,0,0
BRDA:288,29,1,1
BRDA:290,30,0,0
BRDA:290,30,1,1
BRDA:302,31,0,5
BRDA:302,31,1,15
BRDA:310,32,0,1
BRDA:310,32,1,14
BRDA:314,33,0,1
BRDA:314,33,1,0
BRDA:316,34,0,0
BRDA:316,34,1,0
BRDA:330,35,0,0
BRDA:330,35,1,14
BRDA:367,36,0,14
BRDA:367,36,1,6
BRDA:375,37,0,0
BRDA:375,37,1,6
BRF:78
BRH:46
end_of_record
TN:
SF:src/screens/ResultScreen.tsx
FN:15,ResultScreen
FN:19,(anonymous_1)
FN:45,(anonymous_2)
FN:52,(anonymous_3)
FNF:4
FNH:0
FNDA:0,ResultScreen
FNDA:0,(anonymous_1)
FNDA:0,(anonymous_2)
FNDA:0,(anonymous_3)
DA:16,0
DA:17,0
DA:19,0
DA:20,0
DA:21,0
DA:22,0
DA:23,0
DA:25,0
DA:29,0
DA:45,0
DA:53,0
DA:63,0
LF:12
LH:0
BRDA:20,0,0,0
BRDA:20,0,1,0
BRDA:22,1,0,0
BRDA:22,1,1,0
BRF:4
BRH:0
end_of_record
TN:
SF:src/screens/SettingsScreen.tsx
FN:8,SettingsScreen
FN:19,(anonymous_1)
FN:23,(anonymous_2)
FN:27,(anonymous_3)
FN:39,(anonymous_4)
FN:45,(anonymous_5)
FN:56,(anonymous_6)
FN:62,(anonymous_7)
FN:134,(anonymous_8)
FNF:9
FNH:0
FNDA:0,SettingsScreen
FNDA:0,(anonymous_1)
FNDA:0,(anonymous_2)
FNDA:0,(anonymous_3)
FNDA:0,(anonymous_4)
FNDA:0,(anonymous_5)
FNDA:0,(anonymous_6)
FNDA:0,(anonymous_7)
FNDA:0,(anonymous_8)
DA:15,0
DA:17,0
DA:19,0
DA:20,0
DA:23,0
DA:24,0
DA:27,0
DA:28,0
DA:39,0
DA:45,0
DA:46,0
DA:56,0
DA:62,0
DA:63,0
DA:66,0
DA:67,0
DA:74,0
DA:134,0
DA:143,1
LF:19
LH:1
BRDA:66,0,0,0
BRDA:66,0,1,0
BRDA:90,1,0,0
BRDA:90,1,1,0
BRDA:105,2,0,0
BRDA:105,2,1,0
BRF:6
BRH:0
end_of_record
TN:
SF:src/screens/StatisticsScreen.tsx
FN:6,StatisticsScreen
FN:15,(anonymous_1)
FN:18,(anonymous_2)
FN:19,(anonymous_3)
FN:80,(anonymous_4)
FN:84,(anonymous_5)
FN:113,(anonymous_6)
FN:129,(anonymous_7)
FNF:8
FNH:0
FNDA:0,StatisticsScreen
FNDA:0,(anonymous_1)
FNDA:0,(anonymous_2)
FNDA:0,(anonymous_3)
FNDA:0,(anonymous_4)
FNDA:0,(anonymous_5)
FNDA:0,(anonymous_6)
FNDA:0,(anonymous_7)
DA:7,0
DA:8,0
DA:15,0
DA:16,0
DA:17,0
DA:18,0
DA:20,0
DA:24,0
DA:32,0
DA:36,0
DA:37,0
DA:44,0
DA:45,0
DA:46,0
DA:50,0
DA:51,0
DA:55,0
DA:81,0
DA:84,0
DA:114,0
DA:130,0
DA:157,1
LF:22
LH:1
BRDA:16,0,0,0
BRDA:16,0,1,0
BRDA:20,1,0,0
BRDA:20,1,1,0
BRDA:36,2,0,0
BRDA:36,2,1,0
BRDA:46,3,0,0
BRDA:46,3,1,0
BRDA:50,4,0,0
BRDA:50,4,1,0
BRDA:51,5,0,0
BRDA:51,5,1,0
BRDA:72,6,0,0
BRDA:72,6,1,0
BRDA:84,7,0,0
BRDA:84,7,1,0
BRDA:108,8,0,0
BRDA:108,8,1,0
BRDA:139,9,0,0
BRDA:139,9,1,0
BRDA:146,10,0,0
BRDA:146,10,1,0
BRF:22
BRH:0
end_of_record
TN:
SF:src/types/index.ts
FNF:0
FNH:0
DA:12,2
DA:68,2
LF:2
LH:2
BRF:0
BRH:0
end_of_record
